#
# There is insufficient memory for the Java Runtime Environment to continue.
# Native memory allocation (malloc) failed to allocate 131488 bytes for Chunk::new
# Possible reasons:
#   The system is out of physical RAM or swap space
#   The process is running with CompressedOops enabled, and the Java Heap may be blocking the growth of the native heap
# Possible solutions:
#   Reduce memory load on the system
#   Increase physical memory or swap space
#   Check if swap backing store is full
#   Decrease Java heap size (-Xmx/-Xms)
#   Decrease number of Java threads
#   Decrease Java thread stack sizes (-Xss)
#   Set larger code cache with -XX:ReservedCodeCacheSize=
#   JVM is running with Unscaled Compressed Oops mode in which the Java heap is
#     placed in the first 4GB address space. The Java Heap base address is the
#     maximum limit for the native heap growth. Please use -XX:HeapBaseMinAddress
#     to set the Java Heap base and to place the Java Heap above 4GB virtual address.
# This output file may be truncated or incomplete.
#
#  Out of Memory Error (arena.cpp:189), pid=27220, tid=8912
#
# JRE version: OpenJDK Runtime Environment Temurin-17.0.7+7 (17.0.7+7) (build 17.0.7+7)
# Java VM: OpenJDK 64-Bit Server VM Temurin-17.0.7+7 (17.0.7+7, mixed mode, tiered, compressed oops, compressed class ptrs, g1 gc, windows-amd64)
# No core dump will be written. Minidumps are not enabled by default on client versions of Windows
#

---------------  S U M M A R Y ------------

Command Line: -Dgroovy.home=C:\Users\LENOVO/.groovy -Djava.system.class.loader=groovy.lang.GroovyClassLoader -Xmx2048m -Dfile.encoding=UTF-8 -XX:+ShowCodeDetailsInExceptionMessages org.codehaus.groovy.tools.GroovyStarter --classpath C:\Users\LENOVO\Katalon Studio\project1\bin\keyword;C:\Users\LENOVO\Katalon Studio\project1\Keywords;C:\Users\LENOVO\Katalon Studio\project1\bin\listener;C:\Users\LENOVO\Katalon Studio\project1\Test Listeners;C:\Users\LENOVO\Katalon Studio\project1\bin\lib;C:\Users\LENOVO\Katalon Studio\project1\Libs;C:\Users\LENOVO\Katalon Studio\project1\bin\groovy;C:\Users\LENOVO\Katalon Studio\project1\Include\scripts\groovy;C:\Users\LENOVO\.katalon\packages\Katalon_Studio_Free_Windows_64-9.4.0\Katalon_Studio_Free_Windows_64-9.4.0\plugins\com.kms.katalon.core_1.0.0.202404040723.jar;C:\Users\LENOVO\.katalon\packages\Katalon_Studio_Free_Windows_64-9.4.0\Katalon_Studio_Free_Windows_64-9.4.0\configuration\resources\lib\aalto-xml-1.0.0.jar;C:\Users\LENOVO\.katalon\packages\Katalon_Studio_Free_Windows_64-9.4.0\Katalon_Studio_Free_Windows_64-9.4.0\configuration\resources\lib\aspectjweaver-1.9.1.jar;C:\Users\LENOVO\.katalon\packages\Katalon_Studio_Free_Windows_64-9.4.0\Katalon_Studio_Free_Windows_64-9.4.0\configuration\resources\lib\bcpkix-jdk15on-1.64.jar;C:\Users\LENOVO\.katalon\packages\Katalon_Studio_Free_Windows_64-9.4.0\Katalon_Studio_Free_Windows_64-9.4.0\configuration\resources\lib\bcprov-jdk15on-1.64.jar;C:\Users\LENOVO\.katalon\packages\Katalon_Studio_Free_Windows_64-9.4.0\Katalon_Studio_Free_Windows_64-9.4.0\configuration\resources\lib\browsermob-core-2.1.5.jar;C:\Users\LENOVO\.katalon\packages\Katalon_Studio_Free_Windows_64-9.4.0\Katalon_Studio_Free_Windows_64-9.4.0\configuration\resources\lib\byte-buddy-1.14.3.jar;C:\Users\LENOVO\.katalon\packages\Katalon_Studio_Free_Windows_64-9.4.0\Katalon_Studio_Free_Windows_64-9.4.0\configuration\resources\lib\byte-buddy-agent-1.14.3.jar;C:\Users\LENOVO\.katalon\packages\Katalon_Studio_Free_Windows_64-9.4.0\Katalon_Studio_Free_Windows_64-9.4.0\configuration\resources\lib\cglib-3.2.10.jar;C:\Users\LENOVO\.katalon\packages\Katalon_Studio_Free_Windows_64-9.4.0\Katalon_Studio_Free_Windows_64-9.4.0\configuration\resources\lib\commons-codec-1.10.jar;C:\Users\LENOVO\.katalon\packages\Katalon_Studio_Free_Windows_64-9.4.0\Katalon_Studio_Free_Windows_64-9.4.0\configuration\resources\lib\commons-collections4-4.1.jar;C:\Users\LENOVO\.katalon\packages\Katalon_Studio_Free_Windows_64-9.4.0\Katalon_Studio_Free_Windows_64-9.4.0\configuration\resources\lib\commons-validator-1.6.jar;C:\Users\LENOVO\.katalon\packages\Katalon_Studio_Free_Windows_64-9.4.0\Katalon_Studio_Free_Windows_64-9.4.0\configuration\resources\lib\curvesapi-1.04.jar;C:\Users\LENOVO\.katalon\packages\Katalon_Studio_Free_Windows_64-9.4.0\Katalon_Studio_Free_Windows_64-9.4.0\configuration\resources\lib\dnsjava-2.1.8.jar;C:\Users\LENOVO\.katalon\packages\Katalon_Studio_Free_Windows_64-9.4.0\Katalon_Studio_Free_Windows_64-9.4.0\configuration\resources\lib\groovy-ant-3.0.17.jar;C:\Users\LENOVO\.katalon\packages\Katalon_Studio_Free_Windows_64-9.4.0\Katalon_Studio_Free_Windows_64-9.4.0\configuration\resources\lib\groovy-astbuilder-3.0.17.jar;C:\Users\LENOVO\.katalon\packages\Katalon_Studio_Free_Windows_64-9.4.0\Katalon_Studio_Free_Windows_64-9.4.0\configuration\resources\lib\groovy-cli-picocli-3.0.17.jar;C:\Users\LENOVO\.katalon\packages\Katalon_Studio_Free_Windows_64-9.4.0\Katalon_Studio_Free_Windows_64-9.4.0\configuration\resources\lib\groovy-console-3.0.17.jar;C:\Users\LENOVO\.katalon\packages\Katalon_Studio_Free_Windows_64-9.4.0\Katalon_Studio_Free_Windows_64-9.4.0\configuration\resources\lib\groovy-datetime-3.0.17.jar;C:\Users\LENOVO\.katalon\packages\Katalon_Studio_Free_Windows_64-9.4.0\Katalon_Studio_Free_Windows_64-9.4.0\configuration\resources\lib\groovy-dateutil-3.0.17.jar;C:\Users\LENOVO\.katalon\packages\Katalon_Studio_Free_Windows_64-9.4.0\Katalon_Studio_Free_Windows_64-9.4.0\configuration\resources\lib\groovy-docgenerator-3.0.17.jar;C:\Users\LENOVO\.katalon\packages\Katalon_Studio_Free_Windows_64-9.4.0\Katalon_Studio_Free_Windows_64-9.4.0\configuration\resources\lib\groovy-groovydoc-3.0.17.jar;C:\Users\LENOVO\.katalon\packages\Katalon_Studio_Free_Windows_64-9.4.0\Katalon_Studio_Free_Windows_64-9.4.0\configuration\resources\lib\groovy-groovysh-3.0.17.jar;C:\Users\LENOVO\.katalon\packages\Katalon_Studio_Free_Windows_64-9.4.0\Katalon_Studio_Free_Windows_64-9.4.0\configuration\resources\lib\groovy-jmx-3.0.17.jar;C:\Users\LENOVO\.katalon\packages\Katalon_Studio_Free_Windows_64-9.4.0\Katalon_Studio_Free_Windows_64-9.4.0\configuration\resources\lib\groovy-json-3.0.17.jar;C:\Users\LENOVO\.katalon\packages\Katalon_Studio_Free_Windows_64-9.4.0\Katalon_Studio_Free_Windows_64-9.4.0\configuration\resources\lib\groovy-jsr223-3.0.17.jar;C:\Users\LENOVO\.katalon\packages\Katalon_Studio_Free_Windows_64-9.4.0\Katalon_Studio_Free_Windows_64-9.4.0\configuration\resources\lib\groovy-macro-3.0.17.jar;C:\Users\LENOVO\.katalon\packages\Katalon_Studio_Free_Windows_64-9.4.0\Katalon_Studio_Free_Windows_64-9.4.0\configuration\resources\lib\groovy-nio-3.0.17.jar;C:\Users\LENOVO\.katalon\packages\Katalon_Studio_Free_Windows_64-9.4.0\Katalon_Studio_Free_Windows_64-9.4.0\configuration\resources\lib\groovy-servlet-3.0.17.jar;C:\Users\LENOVO\.katalon\packages\Katalon_Studio_Free_Windows_64-9.4.0\Katalon_Studio_Free_Windows_64-9.4.0\configuration\resources\lib\groovy-sql-3.0.17.jar;C:\Users\LENOVO\.katalon\packages\Katalon_Studio_Free_Windows_64-9.4.0\Katalon_Studio_Free_Windows_64-9.4.0\configuration\resources\lib\groovy-swing-3.0.17.jar;C:\Users\LENOVO\.katalon\packages\Katalon_Studio_Free_Windows_64-9.4.0\Katalon_Studio_Free_Windows_64-9.4.0\configuration\resources\lib\groovy-templates-3.0.17.jar;C:\Users\LENOVO\.katalon\packages\Katalon_Studio_Free_Windows_64-9.4.0\Katalon_Studio_Free_Windows_64-9.4.0\configuration\resources\lib\groovy-test-3.0.17.jar;C:\Users\LENOVO\.katalon\packages\Katalon_Studio_Free_Windows_64-9.4.0\Katalon_Studio_Free_Windows_64-9.4.0\configuration\resources\lib\groovy-test-junit5-3.0.17.jar;C:\Users\LENOVO\.katalon\packages\Katalon_Studio_Free_Windows_64-9.4.0\Katalon_Studio_Free_Windows_64-9.4.0\configuration\resources\lib\groovy-testng-3.0.17.jar;C:\Users\LENOVO\.katalon\packages\Katalon_Studio_Free_Windows_64-9.4.0\Katalon_Studio_Free_Windows_64-9.4.0\configuration\resources\lib\groovy-xml-3.0.17.jar;C:\Users\LENOVO\.katalon\packages\Katalon_Studio_Free_Windows_64-9.4.0\Katalon_Studio_Free_Windows_64-9.4.0\configuration\resources\lib\java-client-7.0.0.jar;C:\Users\LENOVO\.katalon\packages\Katalon_Studio_Free_Windows_64-9.4.0\Katalon_Studio_Free_Windows_64-9.4.0\configuration\resources\lib\javax.servlet-api_3.1.0.jar;C:\Users\LENOVO\.katalon\packages\Katalon_Studio_Free_Windows_64-9.4.0\Katalon_Studio_Free_Windows_64-9.4.0\configuration\resources\lib\jna-5.12.1.jar;C:\Users\LENOVO\.katalon\packages\Katalon_Studio_Free_Windows_64-9.4.0\Katalon_Studio_Free_Windows_64-9.4.0\configuration\resources\lib\jna-platform-5.12.1.jar;C:\Users\LENOVO\.katalon\packages\Katalon_Studio_Free_Windows_64-9.4.0\Katalon_Studio_Free_Windows_64-9.4.0\configuration\resources\lib\jzlib-1.1.3.jar;C:\Users\LENOVO\.katalon\packages\Katalon_Studio_Free_Windows_64-9.4.0\Katalon_Studio_Free_Windows_64-9.4.0\configuration\resources\lib\kat-server.jar;C:\Users\LENOVO\.katalon\packages\Katalon_Studio_Free_Windows_64-9.4.0\Katalon_Studio_Free_Windows_64-9.4.0\configuration\resources\lib\littleproxy-1.1.0-beta-bmp-17.jar;C:\Users\LENOVO\.katalon\packages\Katalon_Studio_Free_Windows_64-9.4.0\Katalon_Studio_Free_Windows_64-9.4.0\configuration\resources\lib\log4j-1.2-api-2.17.1.jar;C:\Users\LENOVO\.katalon\packages\Katalon_Studio_Free_Windows_64-9.4.0\Katalon_Studio_Free_Windows_64-9.4.0\configuration\resources\lib\log4j-api-2.17.1.jar;C:\Users\LENOVO\.katalon\packages\Katalon_Studio_Free_Windows_64-9.4.0\Katalon_Studio_Free_Windows_64-9.4.0\configuration\resources\lib\log4j-core-2.17.1.jar;C:\Users\LENOVO\.katalon\packages\Katalon_Studio_Free_Windows_64-9.4.0\Katalon_Studio_Free_Windows_64-9.4.0\configuration\resources\lib\mitm-2.1.5.jar;C:\Users\LENOVO\.katalon\packages\Katalon_Studio_Free_Windows_64-9.4.0\Katalon_Studio_Free_Windows_64-9.4.0\configuration\resources\lib\mockito-core-5.2.0.jar;C:\Users\LENOVO\.katalon\packages\Katalon_Studio_Free_Windows_64-9.4.0\Katalon_Studio_Free_Windows_64-9.4.0\configuration\resources\lib\mockito-inline-5.2.0.jar;C:\Users\LENOVO\.katalon\packages\Katalon_Studio_Free_Windows_64-9.4.0\Katalon_Studio_Free_Windows_64-9.4.0\configuration\resources\lib\netty-all-4.1.70.Final.jar;C:\Users\LENOVO\.katalon\packages\Katalon_Studio_Free_Windows_64-9.4.0\Katalon_Studio_Free_Windows_64-9.4.0\configuration\resources\lib\objenesis-3.3.jar;C:\Users\LENOVO\.katalon\packages\Katalon_Studio_Free_Windows_64-9.4.0\Katalon_Studio_Free_Windows_64-9.4.0\configuration\resources\lib\poi-3.17.jar;C:\Users\LENOVO\.katalon\packages\Katalon_Studio_Free_Windows_64-9.4.0\Katalon_Studio_Free_Windows_64-9.4.0\configuration\resources\lib\poi-ooxml-3.17.jar;C:\Users\LENOVO\.katalon\packages\Katalon_Studio_Free_Windows_64-9.4.0\Katalon_Studio_Free_Windows_64-9.4.0\configuration\resources\lib\poi-ooxml-schemas-3.17.jar;C:\Users\LENOVO\.katalon\packages\Katalon_Studio_Free_Windows_64-9.4.0\Katalon_Studio_Free_Windows_64-9.4.0\configuration\resources\lib\proxy-vole-1.0.4-SNAPSHOT-jar-with-dependencies.jar;C:\Users\LENOVO\.katalon\packages\Katalon_Studio_Free_Windows_64-9.4.0\Katalon_Studio_Free_Windows_64-9.4.0\configuration\resources\lib\repackaged-sikuli-api-1.0.2-standalone.jar;C:\Users\LENOVO\.katalon\packages\Katalon_Studio_Free_Windows_64-9.4.0\Katalon_Studio_Free_Windows_64-9.4.0\configuration\resources\lib\selenium-leg-rc-3.141.59.jar;C:\Users\LENOVO\.katalon\packages\Katalon_Studio_Free_Windows_64-9.4.0\Katalon_Studio_Free_Windows_64-9.4.0\configuration\resources\lib\selenium-server-standalone-3.141.59.jar;C:\Users\LENOVO\.katalon\packages\Katalon_Studio_Free_Windows_64-9.4.0\Katalon_Studio_Free_Windows_64-9.4.0\configuration\resources\lib\selenium-shutterbug-1.1.jar;C:\Users\LENOVO\.katalon\packages\Katalon_Studio_Free_Windows_64-9.4.0\Katalon_Studio_Free_Windows_64-9.4.0\configuration\resources\lib\slf4j-api-1.7.25.jar;C:\Users\LENOVO\.katalon\packages\Katalon_Studio_Free_Windows_64-9.4.0\Katalon_Studio_Free_Windows_64-9.4.0\configuration\resources\lib\soap-builder-1.0.0.jar;C:\Users\LENOVO\.katalon\packages\Katalon_Studio_Free_Windows_64-9.4.0\Katalon_Studio_Free_Windows_64-9.4.0\configuration\resources\lib\soap-common-1.0.0.jar;C:\Users\LENOVO\.katalon\packages\Katalon_Studio_Free_Windows_64-9.4.0\Katalon_Studio_Free_Windows_64-9.4.0\configuration\resources\lib\soap-legacy-1.0.0.jar;C:\Users\LENOVO\.katalon\packages\Katalon_Studio_Free_Windows_64-9.4.0\Katalon_Studio_Free_Windows_64-9.4.0\configuration\resources\lib\spring-context-5.3.19.jar;C:\Users\LENOVO\.katalon\packages\Katalon_Studio_Free_Windows_64-9.4.0\Katalon_Studio_Free_Windows_64-9.4.0\configuration\resources\lib\stax2-api-4.0.0.jar;C:\Users\LENOVO\.katalon\packages\Katalon_Studio_Free_Windows_64-9.4.0\Katalon_Studio_Free_Windows_64-9.4.0\configuration\resources\lib\su.jar;C:\Users\LENOVO\.katalon\packages\Katalon_Studio_Free_Windows_64-9.4.0\Katalon_Studio_Free_Windows_64-9.4.0\configuration\resources\lib\testng-7.8.0.jar;C:\Users\LENOVO\.katalon\packages\Katalon_Studio_Free_Windows_64-9.4.0\Katalon_Studio_Free_Windows_64-9.4.0\configuration\resources\lib\wadl.jar;C:\Users\LENOVO\.katalon\packages\Katalon_Studio_Free_Windows_64-9.4.0\Katalon_Studio_Free_Windows_64-9.4.0\configuration\resources\lib\xmlbeans-3.1.0.jar;C:\Users\LENOVO\.katalon\packages\Katalon_Studio_Free_Windows_64-9.4.0\Katalon_Studio_Free_Windows_64-9.4.0\plugins\net.sf.supercsv.super-csv_2.1.0.jar;C:\Users\LENOVO\.katalon\packages\Katalon_Studio_Free_Windows_64-9.4.0\Katalon_Studio_Free_Windows_64-9.4.0\plugins\org.apache.commons.io_2.4.0.jar;C:\Users\LENOVO\.katalon\packages\Katalon_Studio_Free_Windows_64-9.4.0\Katalon_Studio_Free_Windows_64-9.4.0\plugins\org.apache.commons.lang_2.6.0.jar;C:\Users\LENOVO\.katalon\packages\Katalon_Studio_Free_Windows_64-9.4.0\Katalon_Studio_Free_Windows_64-9.4.0\plugins\com.google.gson_2.10.1.v20230109-0753.jar;C:\Users\LENOVO\.katalon\packages\Katalon_Studio_Free_Windows_64-9.4.0\Katalon_Studio_Free_Windows_64-9.4.0\plugins\org.jsoup_1.14.3.jar;C:\Users\LENOVO\.katalon\packages\Katalon_Studio_Free_Windows_64-9.4.0\Katalon_Studio_Free_Windows_64-9.4.0\plugins\org.apache.commons.dbutils_1.6.0.jar;C:\Users\LENOVO\.katalon\packages\Katalon_Studio_Free_Windows_64-9.4.0\Katalon_Studio_Free_Windows_64-9.4.0\plugins\com.oracle.jdbc.ojdbc7_12.1.0.2.jar;C:\Users\LENOVO\.katalon\packages\Katalon_Studio_Free_Windows_64-9.4.0\Katalon_Studio_Free_Windows_64-9.4.0\plugins\org.postgresql.jdbc_42.4.1.jar;c:\Users\LENOVO\.katalon\packages\Katalon_Studio_Free_Windows_64-9.4.0\Katalon_Studio_Free_Windows_64-9.4.0\plugins\org.eclipse.osgi_3.18.300.v20230220-1352.jar;C:\Users\LENOVO\.katalon\packages\Katalon_Studio_Free_Windows_64-9.4.0\Katalon_Studio_Free_Windows_64-9.4.0\plugins\com.kms.katalon.constant_1.0.0.202404040723.jar;C:\Users\LENOVO\.katalon\packages\Katalon_Studio_Free_Windows_64-9.4.0\Katalon_Studio_Free_Windows_64-9.4.0\plugins\org.eclipse.persistence.eclipselink_2.7.11.jar;C:\Users\LENOVO\.katalon\packages\Katalon_Studio_Free_Windows_64-9.4.0\Katalon_Studio_Free_Windows_64-9.4.0\plugins\com.kms.katalon.selenium-standalone_1.0.0.202404040723.jar;C:\Users\LENOVO\.katalon\packages\Katalon_Studio_Free_Windows_64-9.4.0\Katalon_Studio_Free_Windows_64-9.4.0\plugins\atu.testrecorder.screen-recorder_2.1.0.jar;C:\Users\LENOVO\.katalon\packages\Katalon_Studio_Free_Windows_64-9.4.0\Katalon_Studio_Free_Windows_64-9.4.0\plugins\com.google.guava_23.0.0.jar;C:\Users\LENOVO\.katalon\packages\Katalon_Studio_Free_Windows_64-9.4.0\Katalon_Studio_Free_Windows_64-9.4.0\plugins\com.kms.katalon.util_1.0.0.202404040723.jar;C:\Users\LENOVO\.katalon\packages\Katalon_Studio_Free_Windows_64-9.4.0\Katalon_Studio_Free_Windows_64-9.4.0\plugins\org.apache.httpcomponents.httpclient_4.5.14.v20221207-1049.jar;C:\Users\LENOVO\.katalon\packages\Katalon_Studio_Free_Windows_64-9.4.0\Katalon_Studio_Free_Windows_64-9.4.0\plugins\org.apache.httpcomponents.httpcore_4.4.16.v20221207-1049.jar;C:\Users\LENOVO\.katalon\packages\Katalon_Studio_Free_Windows_64-9.4.0\Katalon_Studio_Free_Windows_64-9.4.0\plugins\org.apache.httpcomponents.httpmime_4.5.1.jar;C:\Users\LENOVO\.katalon\packages\Katalon_Studio_Free_Windows_64-9.4.0\Katalon_Studio_Free_Windows_64-9.4.0\plugins\org.apache.commons.lang3_3.7.0.jar;C:\Users\LENOVO\.katalon\packages\Katalon_Studio_Free_Windows_64-9.4.0\Katalon_Studio_Free_Windows_64-9.4.0\plugins\org.greenrobot.eventbus_3.1.1.jar;C:\Users\LENOVO\.katalon\packages\Katalon_Studio_Free_Windows_64-9.4.0\Katalon_Studio_Free_Windows_64-9.4.0\plugins\net.bytebuddy.byte-buddy_1.14.11.jar;C:\Users\LENOVO\.katalon\packages\Katalon_Studio_Free_Windows_64-9.4.0\Katalon_Studio_Free_Windows_64-9.4.0\plugins\org.junit_4.13.2.v20211018-1956.jar;C:\Users\LENOVO\.katalon\packages\Katalon_Studio_Free_Windows_64-9.4.0\Katalon_Studio_Free_Windows_64-9.4.0\plugins\com.fasterxml.jackson.core.jackson-databind_2.14.0.jar;C:\Users\LENOVO\.katalon\packages\Katalon_Studio_Free_Windows_64-9.4.0\Katalon_Studio_Free_Windows_64-9.4.0\plugins\com.fasterxml.jackson.core.jackson-core_2.14.0.jar;C:\Users\LENOVO\.katalon\packages\Katalon_Studio_Free_Windows_64-9.4.0\Katalon_Studio_Free_Windows_64-9.4.0\plugins\com.fasterxml.jackson.core.jackson-annotations_2.14.0.jar;C:\Users\LENOVO\.katalon\packages\Katalon_Studio_Free_Windows_64-9.4.0\Katalon_Studio_Free_Windows_64-9.4.0\plugins\ch.qos.logback.classic_1.2.3.jar;C:\Users\LENOVO\.katalon\packages\Katalon_Studio_Free_Windows_64-9.4.0\Katalon_Studio_Free_Windows_64-9.4.0\plugins\ch.qos.logback.core_1.2.3.jar;C:\Users\LENOVO\.katalon\packages\Katalon_Studio_Free_Windows_64-9.4.0\Katalon_Studio_Free_Windows_64-9.4.0\plugins\slf4j.api_1.7.36.jar;C:\Users\LENOVO\.katalon\packages\Katalon_Studio_Free_Windows_64-9.4.0\Katalon_Studio_Free_Windows_64-9.4.0\plugins\org.fusesource.jansi_1.17.1.jar;C:\Users\LENOVO\.katalon\packages\Katalon_Studio_Free_Windows_64-9.4.0\Katalon_Studio_Free_Windows_64-9.4.0\plugins\com.kms.katalon.netlightbody_1.0.0.202404040723.jar;C:\Users\LENOVO\.katalon\packages\Katalon_Studio_Free_Windows_64-9.4.0\Katalon_Studio_Free_Windows_64-9.4.0\plugins\com.kms.katalon.poi_1.0.0.202404040723.jar;C:\Users\LENOVO\.katalon\packages\Katalon_Studio_Free_Windows_64-9.4.0\Katalon_Studio_Free_Windows_64-9.4.0\plugins\org.apache.commons.commons-text_1.10.0.jar;C:\Users\LENOVO\.katalon\packages\Katalon_Studio_Free_Windows_64-9.4.0\Katalon_Studio_Free_Windows_64-9.4.0\plugins\com.kms.katalon.proxyvole_1.0.0.202404040723.jar;C:\Users\LENOVO\.katalon\packages\Katalon_Studio_Free_Windows_64-9.4.0\Katalon_Studio_Free_Windows_64-9.4.0\plugins\com.microsoft.sqlserver.mssql-jdbc_6.2.2.jre8.jar;C:\Users\LENOVO\.katalon\packages\Katalon_Studio_Free_Windows_64-9.4.0\Katalon_Studio_Free_Windows_64-9.4.0\plugins\com.github.kklisura.cdt.java-client_2.1.0.jar;C:\Users\LENOVO\.katalon\packages\Katalon_Studio_Free_Windows_64-9.4.0\Katalon_Studio_Free_Windows_64-9.4.0\plugins\javax.websocket-api_1.1.0.jar;C:\Users\LENOVO\.katalon\packages\Katalon_Studio_Free_Windows_64-9.4.0\Katalon_Studio_Free_Windows_64-9.4.0\plugins\org.glassfish.tyrus.container-grizzly-client_1.13.1.jar;C:\Users\LENOVO\.katalon\packages\Katalon_Studio_Free_Windows_64-9.4.0\Katalon_Studio_Free_Windows_64-9.4.0\plugins\org.glassfish.grizzly.http-server_2.3.25.jar;C:\Users\LENOVO\.katalon\packages\Katalon_Studio_Free_Windows_64-9.4.0\Katalon_Studio_Free_Windows_64-9.4.0\plugins\org.glassfish.grizzly.framework_2.3.25.jar;C:\Users\LENOVO\.katalon\packages\Katalon_Studio_Free_Windows_64-9.4.0\Katalon_Studio_Free_Windows_64-9.4.0\plugins\org.glassfish.grizzly.http_2.3.25.jar;C:\Users\LENOVO\.katalon\packages\Katalon_Studio_Free_Windows_64-9.4.0\Katalon_Studio_Free_Windows_64-9.4.0\plugins\org.glassfish.tyrus.client_1.13.1.jar;C:\Users\LENOVO\.katalon\packages\Katalon_Studio_Free_Windows_64-9.4.0\Katalon_Studio_Free_Windows_64-9.4.0\plugins\org.glassfish.tyrus.core_1.13.1.jar;C:\Users\LENOVO\.katalon\packages\Katalon_Studio_Free_Windows_64-9.4.0\Katalon_Studio_Free_Windows_64-9.4.0\plugins\org.glassfish.tyrus.spi_1.13.1.jar;C:\Users\LENOVO\.katalon\packages\Katalon_Studio_Free_Windows_64-9.4.0\Katalon_Studio_Free_Windows_64-9.4.0\plugins\javassist_3.28.0.GA.jar;C:\Users\LENOVO\.katalon\packages\Katalon_Studio_Free_Windows_64-9.4.0\Katalon_Studio_Free_Windows_64-9.4.0\plugins\com.graphql-java_16.2.0.jar;C:\Users\LENOVO\.katalon\packages\Katalon_Studio_Free_Windows_64-9.4.0\Katalon_Studio_Free_Windows_64-9.4.0\plugins\org.glassfish.jaxb.runtime_2.3.6.jar;C:\Users\LENOVO\.katalon\packages\Katalon_Studio_Free_Windows_64-9.4.0\Katalon_Studio_Free_Windows_64-9.4.0\plugins\org.glassfish.jaxb.txw2_2.3.6.jar;C:\Users\LENOVO\.katalon\packages\Katalon_Studio_Free_Windows_64-9.4.0\Katalon_Studio_Free_Windows_64-9.4.0\plugins\org.dom4j_1.6.1.v201312101416.jar;C:\Users\LENOVO\.katalon\packages\Katalon_Studio_Free_Windows_64-9.4.0\Katalon_Studio_Free_Windows_64-9.4.0\plugins\com.kms.katalon.groovy-extended_1.0.0.202404040723.jar;C:\Users\LENOVO\.katalon\packages\Katalon_Studio_Free_Windows_64-9.4.0\Katalon_Studio_Free_Windows_64-9.4.0\plugins\com.sun.activation.javax.activation_1.2.0.jar;C:\Users\LENOVO\.katalon\packages\Katalon_Studio_Free_Windows_64-9.4.0\Katalon_Studio_Free_Windows_64-9.4.0\plugins\jakarta.xml.bind-api_2.3.3.jar;C:\Users\LENOVO\.katalon\packages\Katalon_Studio_Free_Windows_64-9.4.0\Katalon_Studio_Free_Windows_64-9.4.0\plugins\com.sun.xml.bind.jaxb-impl_2.3.6.jar;C:\Users\LENOVO\.katalon\packages\Katalon_Studio_Free_Windows_64-9.4.0\Katalon_Studio_Free_Windows_64-9.4.0\plugins\org.eclipse.jface_3.29.0.v20230214-1401.jar;C:\Users\LENOVO\.katalon\packages\Katalon_Studio_Free_Windows_64-9.4.0\Katalon_Studio_Free_Windows_64-9.4.0\plugins\com.kms.katalon.logging_1.0.0.202404040723.jar;C:\Users\LENOVO\.katalon\packages\Katalon_Studio_Free_Windows_64-9.4.0\Katalon_Studio_Free_Windows_64-9.4.0\plugins\org.json_20140107.0.0.jar;C:\Users\LENOVO\.katalon\packages\Katalon_Studio_Free_Windows_64-9.4.0\Katalon_Studio_Free_Windows_64-9.4.0\plugins\assertj-core_3.25.3.jar;C:\Users\LENOVO\.katalon\packages\Katalon_Studio_Free_Windows_64-9.4.0\Katalon_Studio_Free_Windows_64-9.4.0\plugins\org.apache.commons.logging_1.2.0.v20180409-1502.jar;C:\Users\LENOVO\.katalon\packages\Katalon_Studio_Free_Windows_64-9.4.0\Katalon_Studio_Free_Windows_64-9.4.0\plugins\org.hamcrest.core_1.3.0.v20180420-1519.jar;C:\Users\LENOVO\.katalon\packages\Katalon_Studio_Free_Windows_64-9.4.0\Katalon_Studio_Free_Windows_64-9.4.0\plugins\org.beanshell.bsh_2.0.0.0b4.jar;C:\Users\LENOVO\.katalon\packages\Katalon_Studio_Free_Windows_64-9.4.0\Katalon_Studio_Free_Windows_64-9.4.0\plugins\org.apache.ant.launcher_1.9.6.jar;C:\Users\LENOVO\.katalon\packages\Katalon_Studio_Free_Windows_64-9.4.0\Katalon_Studio_Free_Windows_64-9.4.0\plugins\com.kms.katalon.core.appium_1.0.0.202404040723.jar;C:\Users\LENOVO\.katalon\packages\Katalon_Studio_Free_Windows_64-9.4.0\Katalon_Studio_Free_Windows_64-9.4.0\plugins\org.eclipse.equinox.common_3.17.100.v20230202-1341.jar;C:\Users\LENOVO\.katalon\packages\Katalon_Studio_Free_Windows_64-9.4.0\Katalon_Studio_Free_Windows_64-9.4.0\plugins\com.kms.katalon.core.webui_1.0.0.202404040723.jar;C:\Users\LENOVO\.katalon\packages\Katalon_Studio_Free_Windows_64-9.4.0\Katalon_Studio_Free_Windows_64-9.4.0\plugins\org.eclipse.e4.core.contexts_1.11.0.v20220716-0839.jar;C:\Users\LENOVO\.katalon\packages\Katalon_Studio_Free_Windows_64-9.4.0\Katalon_Studio_Free_Windows_64-9.4.0\plugins\org.eclipse.e4.core.services_2.3.400.v20220915-1347.jar;C:\Users\LENOVO\.katalon\packages\Katalon_Studio_Free_Windows_64-9.4.0\Katalon_Studio_Free_Windows_64-9.4.0\plugins\com.kms.katalon.core.mobile_1.0.0.202404040723.jar;C:\Users\LENOVO\.katalon\packages\Katalon_Studio_Free_Windows_64-9.4.0\Katalon_Studio_Free_Windows_64-9.4.0\plugins\org.apache.commons.commons-validator_1.7.0.jar;C:\Users\LENOVO\.katalon\packages\Katalon_Studio_Free_Windows_64-9.4.0\Katalon_Studio_Free_Windows_64-9.4.0\plugins\com.kms.katalon.core.cucumber_1.0.0.202404040723.jar;C:\Users\LENOVO\.katalon\packages\Katalon_Studio_Free_Windows_64-9.4.0\Katalon_Studio_Free_Windows_64-9.4.0\plugins\io.cucumber.core_3.0.2.jar;C:\Users\LENOVO\.katalon\packages\Katalon_Studio_Free_Windows_64-9.4.0\Katalon_Studio_Free_Windows_64-9.4.0\plugins\io.cucumber.datatable_1.0.3.jar;C:\Users\LENOVO\.katalon\packages\Katalon_Studio_Free_Windows_64-9.4.0\Katalon_Studio_Free_Windows_64-9.4.0\plugins\io.cucumber.datatable-dependencies_1.0.3.jar;C:\Users\LENOVO\.katalon\packages\Katalon_Studio_Free_Windows_64-9.4.0\Katalon_Studio_Free_Windows_64-9.4.0\plugins\io.cucumber.expressions_5.0.19.jar;C:\Users\LENOVO\.katalon\packages\Katalon_Studio_Free_Windows_64-9.4.0\Katalon_Studio_Free_Windows_64-9.4.0\plugins\io.cucumber.gherkin_5.0.0.jar;C:\Users\LENOVO\.katalon\packages\Katalon_Studio_Free_Windows_64-9.4.0\Katalon_Studio_Free_Windows_64-9.4.0\plugins\io.cucumber.html_0.2.7.jar;C:\Users\LENOVO\.katalon\packages\Katalon_Studio_Free_Windows_64-9.4.0\Katalon_Studio_Free_Windows_64-9.4.0\plugins\io.cucumber.java_3.0.2.jar;C:\Users\LENOVO\.katalon\packages\Katalon_Studio_Free_Windows_64-9.4.0\Katalon_Studio_Free_Windows_64-9.4.0\plugins\io.cucumber.tag-expressions_1.1.1.jar;C:\Users\LENOVO\.katalon\packages\Katalon_Studio_Free_Windows_64-9.4.0\Katalon_Studio_Free_Windows_64-9.4.0\plugins\io.cucumber.junit_3.0.2.jar;C:\Users\LENOVO\.katalon\packages\Katalon_Studio_Free_Windows_64-9.4.0\Katalon_Studio_Free_Windows_64-9.4.0\plugins\com.kms.katalon.core.webservice_1.0.0.202404040723.jar;C:\Users\LENOVO\.katalon\packages\Katalon_Studio_Free_Windows_64-9.4.0\Katalon_Studio_Free_Windows_64-9.4.0\plugins\wsdl4j_1.6.2.jar;C:\Users\LENOVO\.katalon\packages\Katalon_Studio_Free_Windows_64-9.4.0\Katalon_Studio_Free_Windows_64-9.4.0\plugins\com.google.oauth-client.google-oauth-client_1.22.0.jar;C:\Users\LENOVO\.katalon\packages\Katalon_Studio_Free_Windows_64-9.4.0\Katalon_Studio_Free_Windows_64-9.4.0\plugins\com.google.http-client.google-http-client_1.22.0.jar;C:\Users\LENOVO\.katalon\packages\Katalon_Studio_Free_Windows_64-9.4.0\Katalon_Studio_Free_Windows_64-9.4.0\plugins\ca.juliusdavies.not-yet-commons-ssl_0.3.11.jar;C:\Users\LENOVO\.katalon\packages\Katalon_Studio_Free_Windows_64-9.4.0\Katalon_Studio_Free_Windows_64-9.4.0\plugins\com.kms.katalon.preferences_1.0.0.202404040723.jar;C:\Users\LENOVO\.katalon\packages\Katalon_Studio_Free_Windows_64-9.4.0\Katalon_Studio_Free_Windows_64-9.4.0\plugins\org.apache.xmlbeans_3.1.0.jar;C:\Users\LENOVO\.katalon\packages\Katalon_Studio_Free_Windows_64-9.4.0\Katalon_Studio_Free_Windows_64-9.4.0\plugins\com.kms.katalon.entity_1.0.0.202404040723.jar;C:\Users\LENOVO\.katalon\packages\Katalon_Studio_Free_Windows_64-9.4.0\Katalon_Studio_Free_Windows_64-9.4.0\plugins\org.antlr.antlr4-runtime_4.8.0.jar;C:\Users\LENOVO\.katalon\packages\Katalon_Studio_Free_Windows_64-9.4.0\Katalon_Studio_Free_Windows_64-9.4.0\plugins\com.networknt.json-schema-validator_1.0.66.jar;C:\Users\LENOVO\.katalon\packages\Katalon_Studio_Free_Windows_64-9.4.0\Katalon_Studio_Free_Windows_64-9.4.0\plugins\jakarta.xml.ws-api_2.3.3.jar;C:\Users\LENOVO\.katalon\packages\Katalon_Studio_Free_Windows_64-9.4.0\Katalon_Studio_Free_Windows_64-9.4.0\plugins\javax.xml.soap-api_1.4.0.jar;C:\Users\LENOVO\.katalon\packages\Katalon_Studio_Free_Windows_64-9.4.0\Katalon_Studio_Free_Windows_64-9.4.0\plugins\com.kms.katalon.core.windows_1.0.0.202404040723.jar;C:\Users\LENOVO\.katalon\packages\Katalon_Studio_Free_Windows_64-9.4.0\Katalon_Studio_Free_Windows_64-9.4.0\plugins\com.kms.katalon.core.testng_1.0.0.202404040723.jar;C:\Users\LENOVO\.katalon\packages\Katalon_Studio_Free_Windows_64-9.4.0\Katalon_Studio_Free_Windows_64-9.4.0\configuration\org.eclipse.osgi\28\0\.cp\resources\basic-report\katalon-studio-report-plugin.jar;C:\Users\LENOVO\.katalon\packages\Katalon_Studio_Free_Windows_64-9.4.0\Katalon_Studio_Free_Windows_64-9.4.0\plugins\org.codehaus.groovy_3.0.17.v202303311542-e2303\lib\groovy-3.0.17-indy.jar;C:\Users\LENOVO\.katalon\packages\Katalon_Studio_Free_Windows_64-9.4.0\Katalon_Studio_Free_Windows_64-9.4.0\plugins\org.codehaus.groovy_3.0.17.v202303311542-e2303\lib\ivy-2.5.1.jar --main groovy.ui.GroovyMain --encoding UTF-8 --indy C:\Users\LENOVO\Katalon Studio\project1\Libs\TempTestCase1715193876598.groovy

Host: AMD Ryzen 3 7320U with Radeon Graphics         , 8 cores, 5G,  Windows 11 , 64 bit Build 22621 (10.0.22621.3374)
Time: Thu May  9 01:44:40 2024 SE Asia Standard Time elapsed time: 1.303113 seconds (0d 0h 0m 1s)

---------------  T H R E A D  ---------------

Current thread (0x000002466e0782d0):  JavaThread "C2 CompilerThread0" daemon [_thread_in_native, id=8912, stack(0x000000d372c00000,0x000000d372d00000)]


Current CompileTask:
C2:   1303  341       4       java.lang.StringLatin1::toLowerCase (186 bytes)

Stack: [0x000000d372c00000,0x000000d372d00000]
Native frames: (J=compiled Java code, j=interpreted, Vv=VM code, C=native code)
V  [jvm.dll+0x67754a]
V  [jvm.dll+0x834304]
V  [jvm.dll+0x835aae]
V  [jvm.dll+0x836113]
V  [jvm.dll+0x24696f]
V  [jvm.dll+0xac0ac]
V  [jvm.dll+0xac67c]
V  [jvm.dll+0x364e37]
V  [jvm.dll+0x32f6b1]
V  [jvm.dll+0x32eb5a]
V  [jvm.dll+0x219641]
V  [jvm.dll+0x218a61]
V  [jvm.dll+0x1a4d8d]
V  [jvm.dll+0x2284da]
V  [jvm.dll+0x226615]
V  [jvm.dll+0x7ea90b]
V  [jvm.dll+0x7e4e7a]
V  [jvm.dll+0x676395]
C  [ucrtbase.dll+0x29333]
C  [KERNEL32.DLL+0x1257d]
C  [ntdll.dll+0x5aa48]


---------------  P R O C E S S  ---------------

Threads class SMR info:
_java_thread_list=0x000002466e1f1e90, length=11, elements={
0x000002464fcb7350, 0x000002466e045250, 0x000002466e048880, 0x000002466e032150,
0x000002466e032b00, 0x000002466e06fba0, 0x000002466e076600, 0x000002466e0782d0,
0x000002466e079510, 0x000002466e08c6d0, 0x000002466e1fca50
}

Java Threads: ( => current thread )
  0x000002464fcb7350 JavaThread "main" [_thread_in_native, id=20988, stack(0x000000d371f00000,0x000000d372000000)]
  0x000002466e045250 JavaThread "Reference Handler" daemon [_thread_blocked, id=24244, stack(0x000000d372600000,0x000000d372700000)]
  0x000002466e048880 JavaThread "Finalizer" daemon [_thread_blocked, id=19756, stack(0x000000d372700000,0x000000d372800000)]
  0x000002466e032150 JavaThread "Signal Dispatcher" daemon [_thread_blocked, id=23784, stack(0x000000d372800000,0x000000d372900000)]
  0x000002466e032b00 JavaThread "Attach Listener" daemon [_thread_blocked, id=11492, stack(0x000000d372900000,0x000000d372a00000)]
  0x000002466e06fba0 JavaThread "Service Thread" daemon [_thread_blocked, id=25000, stack(0x000000d372a00000,0x000000d372b00000)]
  0x000002466e076600 JavaThread "Monitor Deflation Thread" daemon [_thread_blocked, id=13852, stack(0x000000d372b00000,0x000000d372c00000)]
=>0x000002466e0782d0 JavaThread "C2 CompilerThread0" daemon [_thread_in_native, id=8912, stack(0x000000d372c00000,0x000000d372d00000)]
  0x000002466e079510 JavaThread "C1 CompilerThread0" daemon [_thread_blocked, id=28368, stack(0x000000d372d00000,0x000000d372e00000)]
  0x000002466e08c6d0 JavaThread "Sweeper thread" daemon [_thread_blocked, id=26592, stack(0x000000d372e00000,0x000000d372f00000)]
  0x000002466e1fca50 JavaThread "Common-Cleaner" daemon [_thread_blocked, id=10560, stack(0x000000d372f00000,0x000000d373000000)]

Other Threads:
  0x000002466e022630 VMThread "VM Thread" [stack: 0x000000d372500000,0x000000d372600000] [id=4480]
  0x000002464fd11200 GCTaskThread "GC Thread#0" [stack: 0x000000d372000000,0x000000d372100000] [id=23384]
  0x000002464fd1e130 ConcurrentGCThread "G1 Main Marker" [stack: 0x000000d372100000,0x000000d372200000] [id=15780]
  0x000002464fd1eb40 ConcurrentGCThread "G1 Conc#0" [stack: 0x000000d372200000,0x000000d372300000] [id=14056]
  0x00000246672a3df0 ConcurrentGCThread "G1 Refine#0" [stack: 0x000000d372300000,0x000000d372400000] [id=13120]
  0x00000246672a5fd0 ConcurrentGCThread "G1 Service" [stack: 0x000000d372400000,0x000000d372500000] [id=12548]

Threads with active compile tasks:
C2 CompilerThread0     1334  341       4       java.lang.StringLatin1::toLowerCase (186 bytes)

VM state: not at safepoint (normal execution)

VM Mutex/Monitor currently owned by a thread: None

Heap address: 0x0000000080000000, size: 2048 MB, Compressed Oops mode: 32-bit

CDS archive(s) not mapped
Compressed class space mapped at: 0x0000000100000000-0x0000000140000000, reserved size: 1073741824
Narrow klass base: 0x0000000000000000, Narrow klass shift: 3, Narrow klass range: 0x140000000

GC Precious Log:
 CPUs: 8 total, 8 available
 Memory: 5877M
 Large Page Support: Disabled
 NUMA Support: Disabled
 Compressed Oops: Enabled (32-bit)
 Heap Region Size: 1M
 Heap Min Capacity: 8M
 Heap Initial Capacity: 92M
 Heap Max Capacity: 2G
 Pre-touch: Disabled
 Parallel Workers: 8
 Concurrent Workers: 2
 Concurrent Refinement Workers: 8
 Periodic GC: Disabled

Heap:
 garbage-first heap   total 94208K, used 15360K [0x0000000080000000, 0x0000000100000000)
  region size 1024K, 15 young (15360K), 0 survivors (0K)
 Metaspace       used 4846K, committed 4928K, reserved 1114112K
  class space    used 390K, committed 448K, reserved 1048576K

Heap Regions: E=young(eden), S=young(survivor), O=old, HS=humongous(starts), HC=humongous(continues), CS=collection set, F=free, OA=open archive, CA=closed archive, TAMS=top-at-mark-start (previous, next)
|   0|0x0000000080000000, 0x0000000080100000, 0x0000000080100000|100%|HS|  |TAMS 0x0000000080000000, 0x0000000080000000| Complete 
|   1|0x0000000080100000, 0x0000000080200000, 0x0000000080200000|100%|HS|  |TAMS 0x0000000080100000, 0x0000000080100000| Complete 
|   2|0x0000000080200000, 0x0000000080200000, 0x0000000080300000|  0%| F|  |TAMS 0x0000000080200000, 0x0000000080200000| Untracked 
|   3|0x0000000080300000, 0x0000000080300000, 0x0000000080400000|  0%| F|  |TAMS 0x0000000080300000, 0x0000000080300000| Untracked 
|   4|0x0000000080400000, 0x0000000080400000, 0x0000000080500000|  0%| F|  |TAMS 0x0000000080400000, 0x0000000080400000| Untracked 
|   5|0x0000000080500000, 0x0000000080500000, 0x0000000080600000|  0%| F|  |TAMS 0x0000000080500000, 0x0000000080500000| Untracked 
|   6|0x0000000080600000, 0x0000000080600000, 0x0000000080700000|  0%| F|  |TAMS 0x0000000080600000, 0x0000000080600000| Untracked 
|   7|0x0000000080700000, 0x0000000080700000, 0x0000000080800000|  0%| F|  |TAMS 0x0000000080700000, 0x0000000080700000| Untracked 
|   8|0x0000000080800000, 0x0000000080800000, 0x0000000080900000|  0%| F|  |TAMS 0x0000000080800000, 0x0000000080800000| Untracked 
|   9|0x0000000080900000, 0x0000000080900000, 0x0000000080a00000|  0%| F|  |TAMS 0x0000000080900000, 0x0000000080900000| Untracked 
|  10|0x0000000080a00000, 0x0000000080a00000, 0x0000000080b00000|  0%| F|  |TAMS 0x0000000080a00000, 0x0000000080a00000| Untracked 
|  11|0x0000000080b00000, 0x0000000080b00000, 0x0000000080c00000|  0%| F|  |TAMS 0x0000000080b00000, 0x0000000080b00000| Untracked 
|  12|0x0000000080c00000, 0x0000000080c00000, 0x0000000080d00000|  0%| F|  |TAMS 0x0000000080c00000, 0x0000000080c00000| Untracked 
|  13|0x0000000080d00000, 0x0000000080d00000, 0x0000000080e00000|  0%| F|  |TAMS 0x0000000080d00000, 0x0000000080d00000| Untracked 
|  14|0x0000000080e00000, 0x0000000080e00000, 0x0000000080f00000|  0%| F|  |TAMS 0x0000000080e00000, 0x0000000080e00000| Untracked 
|  15|0x0000000080f00000, 0x0000000080f00000, 0x0000000081000000|  0%| F|  |TAMS 0x0000000080f00000, 0x0000000080f00000| Untracked 
|  16|0x0000000081000000, 0x0000000081000000, 0x0000000081100000|  0%| F|  |TAMS 0x0000000081000000, 0x0000000081000000| Untracked 
|  17|0x0000000081100000, 0x0000000081100000, 0x0000000081200000|  0%| F|  |TAMS 0x0000000081100000, 0x0000000081100000| Untracked 
|  18|0x0000000081200000, 0x0000000081200000, 0x0000000081300000|  0%| F|  |TAMS 0x0000000081200000, 0x0000000081200000| Untracked 
|  19|0x0000000081300000, 0x0000000081300000, 0x0000000081400000|  0%| F|  |TAMS 0x0000000081300000, 0x0000000081300000| Untracked 
|  20|0x0000000081400000, 0x0000000081400000, 0x0000000081500000|  0%| F|  |TAMS 0x0000000081400000, 0x0000000081400000| Untracked 
|  21|0x0000000081500000, 0x0000000081500000, 0x0000000081600000|  0%| F|  |TAMS 0x0000000081500000, 0x0000000081500000| Untracked 
|  22|0x0000000081600000, 0x0000000081600000, 0x0000000081700000|  0%| F|  |TAMS 0x0000000081600000, 0x0000000081600000| Untracked 
|  23|0x0000000081700000, 0x0000000081700000, 0x0000000081800000|  0%| F|  |TAMS 0x0000000081700000, 0x0000000081700000| Untracked 
|  24|0x0000000081800000, 0x0000000081800000, 0x0000000081900000|  0%| F|  |TAMS 0x0000000081800000, 0x0000000081800000| Untracked 
|  25|0x0000000081900000, 0x0000000081900000, 0x0000000081a00000|  0%| F|  |TAMS 0x0000000081900000, 0x0000000081900000| Untracked 
|  26|0x0000000081a00000, 0x0000000081a00000, 0x0000000081b00000|  0%| F|  |TAMS 0x0000000081a00000, 0x0000000081a00000| Untracked 
|  27|0x0000000081b00000, 0x0000000081b00000, 0x0000000081c00000|  0%| F|  |TAMS 0x0000000081b00000, 0x0000000081b00000| Untracked 
|  28|0x0000000081c00000, 0x0000000081c00000, 0x0000000081d00000|  0%| F|  |TAMS 0x0000000081c00000, 0x0000000081c00000| Untracked 
|  29|0x0000000081d00000, 0x0000000081d00000, 0x0000000081e00000|  0%| F|  |TAMS 0x0000000081d00000, 0x0000000081d00000| Untracked 
|  30|0x0000000081e00000, 0x0000000081e00000, 0x0000000081f00000|  0%| F|  |TAMS 0x0000000081e00000, 0x0000000081e00000| Untracked 
|  31|0x0000000081f00000, 0x0000000081f00000, 0x0000000082000000|  0%| F|  |TAMS 0x0000000081f00000, 0x0000000081f00000| Untracked 
|  32|0x0000000082000000, 0x0000000082000000, 0x0000000082100000|  0%| F|  |TAMS 0x0000000082000000, 0x0000000082000000| Untracked 
|  33|0x0000000082100000, 0x0000000082100000, 0x0000000082200000|  0%| F|  |TAMS 0x0000000082100000, 0x0000000082100000| Untracked 
|  34|0x0000000082200000, 0x0000000082200000, 0x0000000082300000|  0%| F|  |TAMS 0x0000000082200000, 0x0000000082200000| Untracked 
|  35|0x0000000082300000, 0x0000000082300000, 0x0000000082400000|  0%| F|  |TAMS 0x0000000082300000, 0x0000000082300000| Untracked 
|  36|0x0000000082400000, 0x0000000082400000, 0x0000000082500000|  0%| F|  |TAMS 0x0000000082400000, 0x0000000082400000| Untracked 
|  37|0x0000000082500000, 0x0000000082500000, 0x0000000082600000|  0%| F|  |TAMS 0x0000000082500000, 0x0000000082500000| Untracked 
|  38|0x0000000082600000, 0x0000000082600000, 0x0000000082700000|  0%| F|  |TAMS 0x0000000082600000, 0x0000000082600000| Untracked 
|  39|0x0000000082700000, 0x0000000082700000, 0x0000000082800000|  0%| F|  |TAMS 0x0000000082700000, 0x0000000082700000| Untracked 
|  40|0x0000000082800000, 0x0000000082800000, 0x0000000082900000|  0%| F|  |TAMS 0x0000000082800000, 0x0000000082800000| Untracked 
|  41|0x0000000082900000, 0x0000000082900000, 0x0000000082a00000|  0%| F|  |TAMS 0x0000000082900000, 0x0000000082900000| Untracked 
|  42|0x0000000082a00000, 0x0000000082a00000, 0x0000000082b00000|  0%| F|  |TAMS 0x0000000082a00000, 0x0000000082a00000| Untracked 
|  43|0x0000000082b00000, 0x0000000082b00000, 0x0000000082c00000|  0%| F|  |TAMS 0x0000000082b00000, 0x0000000082b00000| Untracked 
|  44|0x0000000082c00000, 0x0000000082c00000, 0x0000000082d00000|  0%| F|  |TAMS 0x0000000082c00000, 0x0000000082c00000| Untracked 
|  45|0x0000000082d00000, 0x0000000082d00000, 0x0000000082e00000|  0%| F|  |TAMS 0x0000000082d00000, 0x0000000082d00000| Untracked 
|  46|0x0000000082e00000, 0x0000000082e00000, 0x0000000082f00000|  0%| F|  |TAMS 0x0000000082e00000, 0x0000000082e00000| Untracked 
|  47|0x0000000082f00000, 0x0000000082f00000, 0x0000000083000000|  0%| F|  |TAMS 0x0000000082f00000, 0x0000000082f00000| Untracked 
|  48|0x0000000083000000, 0x0000000083000000, 0x0000000083100000|  0%| F|  |TAMS 0x0000000083000000, 0x0000000083000000| Untracked 
|  49|0x0000000083100000, 0x0000000083100000, 0x0000000083200000|  0%| F|  |TAMS 0x0000000083100000, 0x0000000083100000| Untracked 
|  50|0x0000000083200000, 0x0000000083200000, 0x0000000083300000|  0%| F|  |TAMS 0x0000000083200000, 0x0000000083200000| Untracked 
|  51|0x0000000083300000, 0x0000000083300000, 0x0000000083400000|  0%| F|  |TAMS 0x0000000083300000, 0x0000000083300000| Untracked 
|  52|0x0000000083400000, 0x0000000083400000, 0x0000000083500000|  0%| F|  |TAMS 0x0000000083400000, 0x0000000083400000| Untracked 
|  53|0x0000000083500000, 0x0000000083500000, 0x0000000083600000|  0%| F|  |TAMS 0x0000000083500000, 0x0000000083500000| Untracked 
|  54|0x0000000083600000, 0x0000000083600000, 0x0000000083700000|  0%| F|  |TAMS 0x0000000083600000, 0x0000000083600000| Untracked 
|  55|0x0000000083700000, 0x0000000083700000, 0x0000000083800000|  0%| F|  |TAMS 0x0000000083700000, 0x0000000083700000| Untracked 
|  56|0x0000000083800000, 0x0000000083800000, 0x0000000083900000|  0%| F|  |TAMS 0x0000000083800000, 0x0000000083800000| Untracked 
|  57|0x0000000083900000, 0x0000000083900000, 0x0000000083a00000|  0%| F|  |TAMS 0x0000000083900000, 0x0000000083900000| Untracked 
|  58|0x0000000083a00000, 0x0000000083a00000, 0x0000000083b00000|  0%| F|  |TAMS 0x0000000083a00000, 0x0000000083a00000| Untracked 
|  59|0x0000000083b00000, 0x0000000083b00000, 0x0000000083c00000|  0%| F|  |TAMS 0x0000000083b00000, 0x0000000083b00000| Untracked 
|  60|0x0000000083c00000, 0x0000000083c00000, 0x0000000083d00000|  0%| F|  |TAMS 0x0000000083c00000, 0x0000000083c00000| Untracked 
|  61|0x0000000083d00000, 0x0000000083d00000, 0x0000000083e00000|  0%| F|  |TAMS 0x0000000083d00000, 0x0000000083d00000| Untracked 
|  62|0x0000000083e00000, 0x0000000083e00000, 0x0000000083f00000|  0%| F|  |TAMS 0x0000000083e00000, 0x0000000083e00000| Untracked 
|  63|0x0000000083f00000, 0x0000000083f00000, 0x0000000084000000|  0%| F|  |TAMS 0x0000000083f00000, 0x0000000083f00000| Untracked 
|  64|0x0000000084000000, 0x0000000084000000, 0x0000000084100000|  0%| F|  |TAMS 0x0000000084000000, 0x0000000084000000| Untracked 
|  65|0x0000000084100000, 0x0000000084100000, 0x0000000084200000|  0%| F|  |TAMS 0x0000000084100000, 0x0000000084100000| Untracked 
|  66|0x0000000084200000, 0x0000000084200000, 0x0000000084300000|  0%| F|  |TAMS 0x0000000084200000, 0x0000000084200000| Untracked 
|  67|0x0000000084300000, 0x0000000084300000, 0x0000000084400000|  0%| F|  |TAMS 0x0000000084300000, 0x0000000084300000| Untracked 
|  68|0x0000000084400000, 0x0000000084400000, 0x0000000084500000|  0%| F|  |TAMS 0x0000000084400000, 0x0000000084400000| Untracked 
|  69|0x0000000084500000, 0x0000000084500000, 0x0000000084600000|  0%| F|  |TAMS 0x0000000084500000, 0x0000000084500000| Untracked 
|  70|0x0000000084600000, 0x0000000084600000, 0x0000000084700000|  0%| F|  |TAMS 0x0000000084600000, 0x0000000084600000| Untracked 
|  71|0x0000000084700000, 0x0000000084700000, 0x0000000084800000|  0%| F|  |TAMS 0x0000000084700000, 0x0000000084700000| Untracked 
|  72|0x0000000084800000, 0x0000000084800000, 0x0000000084900000|  0%| F|  |TAMS 0x0000000084800000, 0x0000000084800000| Untracked 
|  73|0x0000000084900000, 0x0000000084900000, 0x0000000084a00000|  0%| F|  |TAMS 0x0000000084900000, 0x0000000084900000| Untracked 
|  74|0x0000000084a00000, 0x0000000084a00000, 0x0000000084b00000|  0%| F|  |TAMS 0x0000000084a00000, 0x0000000084a00000| Untracked 
|  75|0x0000000084b00000, 0x0000000084b00000, 0x0000000084c00000|  0%| F|  |TAMS 0x0000000084b00000, 0x0000000084b00000| Untracked 
|  76|0x0000000084c00000, 0x0000000084c00000, 0x0000000084d00000|  0%| F|  |TAMS 0x0000000084c00000, 0x0000000084c00000| Untracked 
|  77|0x0000000084d00000, 0x0000000084d8b010, 0x0000000084e00000| 54%| E|  |TAMS 0x0000000084d00000, 0x0000000084d00000| Complete 
|  78|0x0000000084e00000, 0x0000000084f00000, 0x0000000084f00000|100%| E|CS|TAMS 0x0000000084e00000, 0x0000000084e00000| Complete 
|  79|0x0000000084f00000, 0x0000000085000000, 0x0000000085000000|100%| E|CS|TAMS 0x0000000084f00000, 0x0000000084f00000| Complete 
|  80|0x0000000085000000, 0x0000000085100000, 0x0000000085100000|100%| E|CS|TAMS 0x0000000085000000, 0x0000000085000000| Complete 
|  81|0x0000000085100000, 0x0000000085200000, 0x0000000085200000|100%| E|CS|TAMS 0x0000000085100000, 0x0000000085100000| Complete 
|  82|0x0000000085200000, 0x0000000085300000, 0x0000000085300000|100%| E|CS|TAMS 0x0000000085200000, 0x0000000085200000| Complete 
|  83|0x0000000085300000, 0x0000000085400000, 0x0000000085400000|100%| E|  |TAMS 0x0000000085300000, 0x0000000085300000| Complete 
|  84|0x0000000085400000, 0x0000000085500000, 0x0000000085500000|100%| E|CS|TAMS 0x0000000085400000, 0x0000000085400000| Complete 
|  85|0x0000000085500000, 0x0000000085600000, 0x0000000085600000|100%| E|CS|TAMS 0x0000000085500000, 0x0000000085500000| Complete 
|  86|0x0000000085600000, 0x0000000085700000, 0x0000000085700000|100%| E|CS|TAMS 0x0000000085600000, 0x0000000085600000| Complete 
|  87|0x0000000085700000, 0x0000000085800000, 0x0000000085800000|100%| E|CS|TAMS 0x0000000085700000, 0x0000000085700000| Complete 
|  88|0x0000000085800000, 0x0000000085900000, 0x0000000085900000|100%| E|CS|TAMS 0x0000000085800000, 0x0000000085800000| Complete 
|  89|0x0000000085900000, 0x0000000085a00000, 0x0000000085a00000|100%| E|CS|TAMS 0x0000000085900000, 0x0000000085900000| Complete 
|  90|0x0000000085a00000, 0x0000000085b00000, 0x0000000085b00000|100%| E|CS|TAMS 0x0000000085a00000, 0x0000000085a00000| Complete 
|  91|0x0000000085b00000, 0x0000000085c00000, 0x0000000085c00000|100%| E|CS|TAMS 0x0000000085b00000, 0x0000000085b00000| Complete 

Card table byte_map: [0x0000024662a40000,0x0000024662e40000] _byte_map_base: 0x0000024662640000

Marking Bits (Prev, Next): (CMBitMap*) 0x000002464fd11810, (CMBitMap*) 0x000002464fd11850
 Prev Bits: [0x0000024663240000, 0x0000024665240000)
 Next Bits: [0x0000024665240000, 0x0000024667240000)

Polling page: 0x000002464dc30000

Metaspace:

Usage:
  Non-class:      4.35 MB used.
      Class:    390.95 KB used.
       Both:      4.73 MB used.

Virtual space:
  Non-class space:       64.00 MB reserved,       4.38 MB (  7%) committed,  1 nodes.
      Class space:        1.00 GB reserved,     448.00 KB ( <1%) committed,  1 nodes.
             Both:        1.06 GB reserved,       4.81 MB ( <1%) committed. 

Chunk freelists:
   Non-Class:  11.00 MB
       Class:  15.56 MB
        Both:  26.56 MB

MaxMetaspaceSize: unlimited
CompressedClassSpaceSize: 1.00 GB
Initial GC threshold: 21.00 MB
Current GC threshold: 21.00 MB
CDS: off
MetaspaceReclaimPolicy: balanced
 - commit_granule_bytes: 65536.
 - commit_granule_words: 8192.
 - virtual_space_node_default_size: 8388608.
 - enlarge_chunks_in_place: 1.
 - new_chunks_are_fully_committed: 0.
 - uncommit_free_chunks: 1.
 - use_allocation_guard: 0.
 - handle_deallocations: 1.


Internal statistics:

num_allocs_failed_limit: 0.
num_arena_births: 2.
num_arena_deaths: 0.
num_vsnodes_births: 2.
num_vsnodes_deaths: 0.
num_space_committed: 77.
num_space_uncommitted: 0.
num_chunks_returned_to_freelist: 0.
num_chunks_taken_from_freelist: 6.
num_chunk_merges: 0.
num_chunk_splits: 3.
num_chunks_enlarged: 0.
num_inconsistent_stats: 0.

CodeHeap 'non-profiled nmethods': size=120000Kb used=107Kb max_used=107Kb free=119892Kb
 bounds [0x000002465ade0000, 0x000002465b050000, 0x0000024662310000]
CodeHeap 'profiled nmethods': size=120000Kb used=610Kb max_used=610Kb free=119389Kb
 bounds [0x0000024653310000, 0x0000024653580000, 0x000002465a840000]
CodeHeap 'non-nmethods': size=5760Kb used=1055Kb max_used=1070Kb free=4705Kb
 bounds [0x000002465a840000, 0x000002465aab0000, 0x000002465ade0000]
 total_blobs=677 nmethods=361 adapters=229
 compilation: enabled
              stopped_count=0, restarted_count=0
 full_count=0

Compilation events (20 events):
Event: 1.278 Thread 0x000002466e079510 nmethod 330 0x000002465339a210 code [0x000002465339a3c0, 0x000002465339a568]
Event: 1.278 Thread 0x000002466e079510  331       3       java.lang.System$2::newStringUTF8NoRepl (7 bytes)
Event: 1.278 Thread 0x000002466e079510 nmethod 331 0x000002465339a690 code [0x000002465339a820, 0x000002465339a968]
Event: 1.278 Thread 0x000002466e079510  333       3       java.util.jar.Attributes::putValue (13 bytes)
Event: 1.278 Thread 0x000002466e079510 nmethod 333 0x000002465339aa10 code [0x000002465339ac20, 0x000002465339b418]
Event: 1.279 Thread 0x000002466e079510  332       3       java.lang.String::newStringUTF8NoRepl (274 bytes)
Event: 1.279 Thread 0x000002466e079510 nmethod 332 0x000002465339b690 code [0x000002465339b940, 0x000002465339c8a8]
Event: 1.279 Thread 0x000002466e079510  335       3       java.io.WinNTFileSystem::normalizePrefix (132 bytes)
Event: 1.281 Thread 0x000002466e079510 nmethod 335 0x000002465339cd90 code [0x000002465339d1c0, 0x000002465339f248]
Event: 1.281 Thread 0x000002466e079510  336       3       java.util.zip.ZipUtils::LOCSIG (6 bytes)
Event: 1.282 Thread 0x000002466e079510 nmethod 336 0x000002465339fe90 code [0x00000246533a0040, 0x00000246533a0318]
Event: 1.283 Thread 0x000002466e079510  337   !   3       java.util.zip.ZipFile$ZipFileInputStream::close (59 bytes)
Event: 1.283 Thread 0x000002466e079510 nmethod 337 0x00000246533a0490 code [0x00000246533a0640, 0x00000246533a09a8]
Event: 1.283 Thread 0x000002466e079510  339       3       java.util.WeakHashMap::remove (131 bytes)
Event: 1.284 Thread 0x000002466e079510 nmethod 339 0x00000246533a0b90 code [0x00000246533a0de0, 0x00000246533a1918]
Event: 1.284 Thread 0x000002466e079510  338       3       java.util.Collections$SetFromMap::remove (19 bytes)
Event: 1.285 Thread 0x000002466e079510 nmethod 338 0x00000246533a1d10 code [0x00000246533a1ec0, 0x00000246533a20e8]
Event: 1.293 Thread 0x000002466e079510  340       3       java.nio.Buffer::hasRemaining (17 bytes)
Event: 1.293 Thread 0x000002466e079510 nmethod 340 0x00000246533a2190 code [0x00000246533a2320, 0x00000246533a2498]
Event: 1.294 Thread 0x000002466e0782d0  341       4       java.lang.StringLatin1::toLowerCase (186 bytes)

GC Heap History (0 events):
No events

Dll operation events (4 events):
Event: 0.086 Loaded shared library C:\Users\LENOVO\.katalon\packages\Katalon_Studio_Free_Windows_64-9.4.0\Katalon_Studio_Free_Windows_64-9.4.0\jre\bin\java.dll
Event: 1.001 Loaded shared library C:\Users\LENOVO\.katalon\packages\Katalon_Studio_Free_Windows_64-9.4.0\Katalon_Studio_Free_Windows_64-9.4.0\jre\bin\net.dll
Event: 1.004 Loaded shared library C:\Users\LENOVO\.katalon\packages\Katalon_Studio_Free_Windows_64-9.4.0\Katalon_Studio_Free_Windows_64-9.4.0\jre\bin\nio.dll
Event: 1.014 Loaded shared library C:\Users\LENOVO\.katalon\packages\Katalon_Studio_Free_Windows_64-9.4.0\Katalon_Studio_Free_Windows_64-9.4.0\jre\bin\zip.dll

Deoptimization events (20 events):
Event: 0.998 Thread 0x000002464fcb7350 DEOPT PACKING pc=0x0000024653333d51 sp=0x000000d371ffb9e0
Event: 0.998 Thread 0x000002464fcb7350 DEOPT UNPACKING pc=0x000002465a897143 sp=0x000000d371ffae58 mode 0
Event: 1.038 Thread 0x000002464fcb7350 DEOPT PACKING pc=0x0000024653333d51 sp=0x000000d371ffd240
Event: 1.038 Thread 0x000002464fcb7350 DEOPT UNPACKING pc=0x000002465a897143 sp=0x000000d371ffc6b8 mode 0
Event: 1.141 Thread 0x000002464fcb7350 DEOPT PACKING pc=0x0000024653360adc sp=0x000000d371ffd4f0
Event: 1.141 Thread 0x000002464fcb7350 DEOPT UNPACKING pc=0x000002465a897143 sp=0x000000d371ffc9a0 mode 0
Event: 1.168 Thread 0x000002464fcb7350 DEOPT PACKING pc=0x00000246533483b4 sp=0x000000d371ffd730
Event: 1.168 Thread 0x000002464fcb7350 DEOPT UNPACKING pc=0x000002465a897143 sp=0x000000d371ffcbc8 mode 0
Event: 1.168 Thread 0x000002464fcb7350 DEOPT PACKING pc=0x00000246533483b4 sp=0x000000d371ffd730
Event: 1.168 Thread 0x000002464fcb7350 DEOPT UNPACKING pc=0x000002465a897143 sp=0x000000d371ffcbc8 mode 0
Event: 1.211 Thread 0x000002464fcb7350 DEOPT PACKING pc=0x000002465333fde8 sp=0x000000d371ffd5c0
Event: 1.211 Thread 0x000002464fcb7350 DEOPT UNPACKING pc=0x000002465a897143 sp=0x000000d371ffca50 mode 0
Event: 1.211 Thread 0x000002464fcb7350 DEOPT PACKING pc=0x000002465333fde8 sp=0x000000d371ffd5c0
Event: 1.211 Thread 0x000002464fcb7350 DEOPT UNPACKING pc=0x000002465a897143 sp=0x000000d371ffca50 mode 0
Event: 1.211 Thread 0x000002464fcb7350 DEOPT PACKING pc=0x0000024653345156 sp=0x000000d371ffd4b0
Event: 1.211 Thread 0x000002464fcb7350 DEOPT UNPACKING pc=0x000002465a897143 sp=0x000000d371ffc938 mode 0
Event: 1.270 Thread 0x000002464fcb7350 DEOPT PACKING pc=0x000002465331cd3e sp=0x000000d371ffd210
Event: 1.270 Thread 0x000002464fcb7350 DEOPT UNPACKING pc=0x000002465a897143 sp=0x000000d371ffc6b0 mode 0
Event: 1.294 Thread 0x000002464fcb7350 DEOPT PACKING pc=0x000002465334aeda sp=0x000000d371ffd450
Event: 1.294 Thread 0x000002464fcb7350 DEOPT UNPACKING pc=0x000002465a897143 sp=0x000000d371ffc910 mode 0

Classes unloaded (0 events):
No events

Classes redefined (0 events):
No events

Internal exceptions (0 events):
No events

VM Operations (2 events):
Event: 1.024 Executing VM operation: HandshakeAllThreads
Event: 1.024 Executing VM operation: HandshakeAllThreads done

Events (20 events):
Event: 1.025 loading class java/lang/reflect/Array
Event: 1.025 loading class java/lang/reflect/Array done
Event: 1.054 loading class java/io/BufferedReader
Event: 1.054 loading class java/io/Reader
Event: 1.055 loading class java/io/Reader done
Event: 1.055 loading class java/io/BufferedReader done
Event: 1.055 loading class java/io/InputStreamReader
Event: 1.055 loading class java/io/InputStreamReader done
Event: 1.055 loading class sun/nio/cs/StreamDecoder
Event: 1.055 loading class sun/nio/cs/StreamDecoder done
Event: 1.055 loading class java/util/Vector
Event: 1.055 loading class java/util/Vector done
Event: 1.056 loading class java/util/LinkedList
Event: 1.056 loading class java/util/AbstractSequentialList
Event: 1.056 loading class java/util/AbstractSequentialList done
Event: 1.056 loading class java/util/LinkedList done
Event: 1.056 loading class java/util/LinkedList$Node
Event: 1.056 loading class java/util/LinkedList$Node done
Event: 1.077 loading class java/util/zip/ZipFile$ZipEntryIterator
Event: 1.078 loading class java/util/zip/ZipFile$ZipEntryIterator done


Dynamic libraries:
0x00007ff6c0fe0000 - 0x00007ff6c0fee000 	C:\Users\LENOVO\.katalon\packages\Katalon_Studio_Free_Windows_64-9.4.0\Katalon_Studio_Free_Windows_64-9.4.0\jre\bin\javaw.exe
0x00007fffd29b0000 - 0x00007fffd2bc6000 	C:\Windows\SYSTEM32\ntdll.dll
0x00007fffd08a0000 - 0x00007fffd0964000 	C:\Windows\System32\KERNEL32.DLL
0x00007fffd0300000 - 0x00007fffd06a7000 	C:\Windows\System32\KERNELBASE.dll
0x00007fffcc7d0000 - 0x00007fffcc867000 	C:\Windows\SYSTEM32\apphelp.dll
0x00007fffcfea0000 - 0x00007fffcffb1000 	C:\Windows\System32\ucrtbase.dll
0x00007fff612e0000 - 0x00007fff612f7000 	C:\Users\LENOVO\.katalon\packages\Katalon_Studio_Free_Windows_64-9.4.0\Katalon_Studio_Free_Windows_64-9.4.0\jre\bin\jli.dll
0x00007fffd1d40000 - 0x00007fffd1eee000 	C:\Windows\System32\USER32.dll
0x00007fffd06b0000 - 0x00007fffd06d6000 	C:\Windows\System32\win32u.dll
0x00007fffd1ef0000 - 0x00007fffd1f19000 	C:\Windows\System32\GDI32.dll
0x00007fffcfcd0000 - 0x00007fffcfde9000 	C:\Windows\System32\gdi32full.dll
0x00007fffcffc0000 - 0x00007fffd005a000 	C:\Windows\System32\msvcp_win.dll
0x00007fffbc1c0000 - 0x00007fffbc453000 	C:\Windows\WinSxS\amd64_microsoft.windows.common-controls_6595b64144ccf1df_6.0.22621.3235_none_270f74e173860f98\COMCTL32.dll
0x00007fffd1990000 - 0x00007fffd1a37000 	C:\Windows\System32\msvcrt.dll
0x00007fff5fd10000 - 0x00007fff5fd29000 	C:\Users\LENOVO\.katalon\packages\Katalon_Studio_Free_Windows_64-9.4.0\Katalon_Studio_Free_Windows_64-9.4.0\jre\bin\VCRUNTIME140.dll
0x00007fffd0970000 - 0x00007fffd09a1000 	C:\Windows\System32\IMM32.DLL
0x00007fff96b20000 - 0x00007fff96b2c000 	C:\Users\LENOVO\.katalon\packages\Katalon_Studio_Free_Windows_64-9.4.0\Katalon_Studio_Free_Windows_64-9.4.0\jre\bin\vcruntime140_1.dll
0x00007fff2cd20000 - 0x00007fff2cdb1000 	C:\Users\LENOVO\.katalon\packages\Katalon_Studio_Free_Windows_64-9.4.0\Katalon_Studio_Free_Windows_64-9.4.0\jre\bin\msvcp140.dll
0x00007fff3e830000 - 0x00007fff3f478000 	C:\Users\LENOVO\.katalon\packages\Katalon_Studio_Free_Windows_64-9.4.0\Katalon_Studio_Free_Windows_64-9.4.0\jre\bin\server\jvm.dll
0x00007fffd0f60000 - 0x00007fffd1012000 	C:\Windows\System32\ADVAPI32.dll
0x00007fffd1080000 - 0x00007fffd1128000 	C:\Windows\System32\sechost.dll
0x00007fffcfe70000 - 0x00007fffcfe98000 	C:\Windows\System32\bcrypt.dll
0x00007fffd1ba0000 - 0x00007fffd1cb5000 	C:\Windows\System32\RPCRT4.dll
0x00007fffaf6c0000 - 0x00007fffaf6c9000 	C:\Windows\SYSTEM32\WSOCK32.dll
0x00007fffd28f0000 - 0x00007fffd2961000 	C:\Windows\System32\WS2_32.dll
0x00007fffc5e10000 - 0x00007fffc5e1a000 	C:\Windows\SYSTEM32\VERSION.dll
0x00007fffc8680000 - 0x00007fffc86b4000 	C:\Windows\SYSTEM32\WINMM.dll
0x00007fffced10000 - 0x00007fffced28000 	C:\Windows\SYSTEM32\kernel.appcore.dll
0x00007fffba300000 - 0x00007fffba30a000 	C:\Users\LENOVO\.katalon\packages\Katalon_Studio_Free_Windows_64-9.4.0\Katalon_Studio_Free_Windows_64-9.4.0\jre\bin\jimage.dll
0x00007fffcd670000 - 0x00007fffcd8a3000 	C:\Windows\SYSTEM32\DBGHELP.DLL
0x00007fffd2340000 - 0x00007fffd26c8000 	C:\Windows\System32\combase.dll
0x00007fffd1ac0000 - 0x00007fffd1b97000 	C:\Windows\System32\OLEAUT32.dll
0x00007fffb67c0000 - 0x00007fffb67f2000 	C:\Windows\SYSTEM32\dbgcore.DLL
0x00007fffcfdf0000 - 0x00007fffcfe69000 	C:\Windows\System32\bcryptPrimitives.dll
0x00007fffa77c0000 - 0x00007fffa77e5000 	C:\Users\LENOVO\.katalon\packages\Katalon_Studio_Free_Windows_64-9.4.0\Katalon_Studio_Free_Windows_64-9.4.0\jre\bin\java.dll
0x00007fffaa040000 - 0x00007fffaa058000 	C:\Users\LENOVO\.katalon\packages\Katalon_Studio_Free_Windows_64-9.4.0\Katalon_Studio_Free_Windows_64-9.4.0\jre\bin\zip.dll
0x00007fffd1130000 - 0x00007fffd198c000 	C:\Windows\System32\SHELL32.dll
0x00007fffcdbf0000 - 0x00007fffce4e9000 	C:\Windows\SYSTEM32\windows.storage.dll
0x00007fffcdab0000 - 0x00007fffcdbee000 	C:\Windows\SYSTEM32\wintypes.dll
0x00007fffd2000000 - 0x00007fffd20f3000 	C:\Windows\System32\SHCORE.dll
0x00007fffd1020000 - 0x00007fffd107e000 	C:\Windows\System32\shlwapi.dll
0x00007fffcfc00000 - 0x00007fffcfc21000 	C:\Windows\SYSTEM32\profapi.dll
0x00007fffa9eb0000 - 0x00007fffa9ec9000 	C:\Users\LENOVO\.katalon\packages\Katalon_Studio_Free_Windows_64-9.4.0\Katalon_Studio_Free_Windows_64-9.4.0\jre\bin\net.dll
0x00007fffca130000 - 0x00007fffca266000 	C:\Windows\SYSTEM32\WINHTTP.dll
0x00007fffcf180000 - 0x00007fffcf1e9000 	C:\Windows\system32\mswsock.dll
0x00007fffa9ce0000 - 0x00007fffa9cf5000 	C:\Users\LENOVO\.katalon\packages\Katalon_Studio_Free_Windows_64-9.4.0\Katalon_Studio_Free_Windows_64-9.4.0\jre\bin\nio.dll

dbghelp: loaded successfully - version: 4.0.5 - missing functions: none
symbol engine: initialized successfully - sym options: 0x614 - pdb path: .;C:\Users\LENOVO\.katalon\packages\Katalon_Studio_Free_Windows_64-9.4.0\Katalon_Studio_Free_Windows_64-9.4.0\jre\bin;C:\Windows\SYSTEM32;C:\Windows\WinSxS\amd64_microsoft.windows.common-controls_6595b64144ccf1df_6.0.22621.3235_none_270f74e173860f98;C:\Users\LENOVO\.katalon\packages\Katalon_Studio_Free_Windows_64-9.4.0\Katalon_Studio_Free_Windows_64-9.4.0\jre\bin\server

VM Arguments:
jvm_args: -Dgroovy.home=C:\Users\LENOVO/.groovy -Djava.system.class.loader=groovy.lang.GroovyClassLoader -Xmx2048m -Dfile.encoding=UTF-8 -XX:+ShowCodeDetailsInExceptionMessages 
java_command: org.codehaus.groovy.tools.GroovyStarter --classpath C:\Users\LENOVO\Katalon Studio\project1\bin\keyword;C:\Users\LENOVO\Katalon Studio\project1\Keywords;C:\Users\LENOVO\Katalon Studio\project1\bin\listener;C:\Users\LENOVO\Katalon Studio\project1\Test Listeners;C:\Users\LENOVO\Katalon Studio\project1\bin\lib;C:\Users\LENOVO\Katalon Studio\project1\Libs;C:\Users\LENOVO\Katalon Studio\project1\bin\groovy;C:\Users\LENOVO\Katalon Studio\project1\Include\scripts\groovy;C:\Users\LENOVO\.katalon\packages\Katalon_Studio_Free_Windows_64-9.4.0\Katalon_Studio_Free_Windows_64-9.4.0\plugins\com.kms.katalon.core_1.0.0.202404040723.jar;C:\Users\LENOVO\.katalon\packages\Katalon_Studio_Free_Windows_64-9.4.0\Katalon_Studio_Free_Windows_64-9.4.0\configuration\resources\lib\aalto-xml-1.0.0.jar;C:\Users\LENOVO\.katalon\packages\Katalon_Studio_Free_Windows_64-9.4.0\Katalon_Studio_Free_Windows_64-9.4.0\configuration\resources\lib\aspectjweaver-1.9.1.jar;C:\Users\LENOVO\.katalon\packages\Katalon_Studio_Free_Windows_64-9.4.0\Katalon_Studio_Free_Windows_64-9.4.0\configuration\resources\lib\bcpkix-jdk15on-1.64.jar;C:\Users\LENOVO\.katalon\packages\Katalon_Studio_Free_Windows_64-9.4.0\Katalon_Studio_Free_Windows_64-9.4.0\configuration\resources\lib\bcprov-jdk15on-1.64.jar;C:\Users\LENOVO\.katalon\packages\Katalon_Studio_Free_Windows_64-9.4.0\Katalon_Studio_Free_Windows_64-9.4.0\configuration\resources\lib\browsermob-core-2.1.5.jar;C:\Users\LENOVO\.katalon\packages\Katalon_Studio_Free_Windows_64-9.4.0\Katalon_Studio_Free_Windows_64-9.4.0\configuration\resources\lib\byte-buddy-1.14.3.jar;C:\Users\LENOVO\.katalon\packages\Katalon_Studio_Free_Windows_64-9.4.0\Katalon_Studio_Free_Windows_64-9.4.0\configuration\resources\lib\byte-buddy-agent-1.14.3.jar;C:\Users\LENOVO\.katalon\packages\Katalon_Studio_Free_Windows_64-9.4.0\Katalon_Studio_Free_Windows_64-9.4.0\configuration\resources\lib\cglib-3.2.10.jar;C:\Users\LENOVO\.katalon\packages\Katalon_Studio_Free_Windows_64-9.4.0\Katalon_Stud
java_class_path (initial): C:\Users\LENOVO\Katalon Studio\project1\bin\keyword;C:\Users\LENOVO\Katalon Studio\project1\bin\listener;C:\Users\LENOVO\Katalon Studio\project1\bin\lib;C:\Users\LENOVO\Katalon Studio\project1\bin\groovy;C:\Users\LENOVO\Katalon Studio\project1\bin;C:\Users\LENOVO\.katalon\packages\Katalon_Studio_Free_Windows_64-9.4.0\Katalon_Studio_Free_Windows_64-9.4.0\plugins\com.kms.katalon.core_1.0.0.202404040723.jar;C:\Users\LENOVO\.katalon\packages\Katalon_Studio_Free_Windows_64-9.4.0\Katalon_Studio_Free_Windows_64-9.4.0\configuration\resources\lib\aalto-xml-1.0.0.jar;C:\Users\LENOVO\.katalon\packages\Katalon_Studio_Free_Windows_64-9.4.0\Katalon_Studio_Free_Windows_64-9.4.0\configuration\resources\lib\aspectjweaver-1.9.1.jar;C:\Users\LENOVO\.katalon\packages\Katalon_Studio_Free_Windows_64-9.4.0\Katalon_Studio_Free_Windows_64-9.4.0\configuration\resources\lib\bcpkix-jdk15on-1.64.jar;C:\Users\LENOVO\.katalon\packages\Katalon_Studio_Free_Windows_64-9.4.0\Katalon_Studio_Free_Windows_64-9.4.0\configuration\resources\lib\bcprov-jdk15on-1.64.jar;C:\Users\LENOVO\.katalon\packages\Katalon_Studio_Free_Windows_64-9.4.0\Katalon_Studio_Free_Windows_64-9.4.0\configuration\resources\lib\browsermob-core-2.1.5.jar;C:\Users\LENOVO\.katalon\packages\Katalon_Studio_Free_Windows_64-9.4.0\Katalon_Studio_Free_Windows_64-9.4.0\configuration\resources\lib\byte-buddy-1.14.3.jar;C:\Users\LENOVO\.katalon\packages\Katalon_Studio_Free_Windows_64-9.4.0\Katalon_Studio_Free_Windows_64-9.4.0\configuration\resources\lib\byte-buddy-agent-1.14.3.jar;C:\Users\LENOVO\.katalon\packages\Katalon_Studio_Free_Windows_64-9.4.0\Katalon_Studio_Free_Windows_64-9.4.0\configuration\resources\lib\cglib-3.2.10.jar;C:\Users\LENOVO\.katalon\packages\Katalon_Studio_Free_Windows_64-9.4.0\Katalon_Studio_Free_Windows_64-9.4.0\configuration\resources\lib\commons-codec-1.10.jar;C:\Users\LENOVO\.katalon\packages\Katalon_Studio_Free_Windows_64-9.4.0\Katalon_Studio_Free_Windows_64-9.4.0\configuration\resources
Launcher Type: SUN_STANDARD

[Global flags]
     intx CICompilerCount                          = 4                                         {product} {ergonomic}
     uint ConcGCThreads                            = 2                                         {product} {ergonomic}
     uint G1ConcRefinementThreads                  = 8                                         {product} {ergonomic}
   size_t G1HeapRegionSize                         = 1048576                                   {product} {ergonomic}
    uintx GCDrainStackTargetSize                   = 64                                        {product} {ergonomic}
   size_t InitialHeapSize                          = 96468992                                  {product} {ergonomic}
   size_t MarkStackSize                            = 4194304                                   {product} {ergonomic}
   size_t MaxHeapSize                              = 2147483648                                {product} {command line}
   size_t MaxNewSize                               = 1287651328                                {product} {ergonomic}
   size_t MinHeapDeltaBytes                        = 1048576                                   {product} {ergonomic}
   size_t MinHeapSize                              = 8388608                                   {product} {ergonomic}
    uintx NonNMethodCodeHeapSize                   = 5839372                                {pd product} {ergonomic}
    uintx NonProfiledCodeHeapSize                  = 122909434                              {pd product} {ergonomic}
    uintx ProfiledCodeHeapSize                     = 122909434                              {pd product} {ergonomic}
    uintx ReservedCodeCacheSize                    = 251658240                              {pd product} {ergonomic}
     bool SegmentedCodeCache                       = true                                      {product} {ergonomic}
     bool ShowCodeDetailsInExceptionMessages       = true                                   {manageable} {command line}
   size_t SoftMaxHeapSize                          = 2147483648                             {manageable} {ergonomic}
     bool UseCompressedClassPointers               = true                           {product lp64_product} {ergonomic}
     bool UseCompressedOops                        = true                           {product lp64_product} {ergonomic}
     bool UseG1GC                                  = true                                      {product} {ergonomic}
     bool UseLargePagesIndividualAllocation        = false                                  {pd product} {ergonomic}

Logging:
Log output configuration:
 #0: stdout all=warning uptime,level,tags
 #1: stderr all=off uptime,level,tags

Environment Variables:
JAVA_HOME=C:\Users\LENOVO\.katalon\packages\Katalon_Studio_Free_Windows_64-9.4.0\Katalon_Studio_Free_Windows_64-9.4.0\jre
PATH=C:/Users/LENOVO/.katalon/packages/Katalon_Studio_Free_Windows_64-9.4.0/Katalon_Studio_Free_Windows_64-9.4.0/jre/bin/server;C:/Users/LENOVO/.katalon/packages/Katalon_Studio_Free_Windows_64-9.4.0/Katalon_Studio_Free_Windows_64-9.4.0/jre/bin;C:\Program Files\Google\Chrome\Application;C:\Program Files (x86)\Common Files\Oracle\Java\javapath;C:\Windows\system32;C:\Windows;C:\Windows\System32\Wbem;C:\Windows\System32\WindowsPowerShell\v1.0\;C:\Windows\System32\OpenSSH\;C:\Program Files\Git\cmd;C:\Program Files\nodejs\;C:\Program Files\Java\jre-1.8;C:\Users\LENOVO\AppData\Roaming\npm;C:\Users\LENOVO\AppData\Local\Android;C:\Users\LENOVO\AppData\Local\Android\Sdk;C:\Program Files\Java\jre-1.8\bin;C:\Program Files\Docker\Docker\resources\bin;C:\Program Files\MySQL\MySQL Server 8.0\bin;C:\Users\LENOVO\AppData\Local\Microsoft\WindowsApps;C:\Users\LENOVO\AppData\Local\Programs\Microsoft VS Code\bin;C:\Users\LENOVO\AppData\Roaming\npm;C:\Users\LENOVO\AppData\Local\GitHubDesktop\bin;C:\Users\LENOVO\.katalon\packages\Katalon_Studio_Free_Windows_64-9.4.0\Katalon_Studio_Free_Windows_64-9.4.0;:C:\Users\LENOVO\.katalon\packages\Katalon_Studio_Free_Windows_64-9.4.0\Katalon_Studio_Free_Windows_64-9.4.0\jre\bin
USERNAME=LENOVO
OS=Windows_NT
PROCESSOR_IDENTIFIER=AMD64 Family 23 Model 160 Stepping 0, AuthenticAMD
TMP=C:\Users\LENOVO\AppData\Local\Temp
TEMP=C:\Users\LENOVO\AppData\Local\Temp



---------------  S Y S T E M  ---------------

OS:
 Windows 11 , 64 bit Build 22621 (10.0.22621.3374)
OS uptime: 3 days 22:42 hours
Hyper-V role detected

CPU: total 8 (initial active 8) (8 cores per cpu, 2 threads per core) family 23 model 160 stepping 0 microcode 0x0, cx8, cmov, fxsr, ht, mmx, 3dnowpref, sse, sse2, sse3, ssse3, sse4a, sse4.1, sse4.2, popcnt, lzcnt, tsc, tscinvbit, avx, avx2, aes, clmul, bmi1, bmi2, adx, sha, fma, vzeroupper, clflush, clflushopt, hv

Memory: 4k page, system-wide physical 5877M (237M free)
TotalPageFile size 24309M (AvailPageFile size 0M)
current process WorkingSet (physical memory assigned to process): 52M, peak: 52M
current process commit charge ("private bytes"): 173M, peak: 173M

vm_info: OpenJDK 64-Bit Server VM (17.0.7+7) for windows-amd64 JRE (17.0.7+7), built on Apr 18 2023 22:10:42 by "temurin" with MS VC++ 16.7 (VS2019)

END.
