#
# There is insufficient memory for the Java Runtime Environment to continue.
# Native memory allocation (mmap) failed to map 96468992 bytes for G1 virtual space
# Possible reasons:
#   The system is out of physical RAM or swap space
#   The process is running with CompressedOops enabled, and the Java Heap may be blocking the growth of the native heap
# Possible solutions:
#   Reduce memory load on the system
#   Increase physical memory or swap space
#   Check if swap backing store is full
#   Decrease Java heap size (-Xmx/-Xms)
#   Decrease number of Java threads
#   Decrease Java thread stack sizes (-Xss)
#   Set larger code cache with -XX:ReservedCodeCacheSize=
#   JVM is running with Unscaled Compressed Oops mode in which the Java heap is
#     placed in the first 4GB address space. The Java Heap base address is the
#     maximum limit for the native heap growth. Please use -XX:HeapBaseMinAddress
#     to set the Java Heap base and to place the Java Heap above 4GB virtual address.
# This output file may be truncated or incomplete.
#
#  Out of Memory Error (os_windows.cpp:3559), pid=7344, tid=2628
#
# JRE version:  (17.0.7+7) (build )
# Java VM: OpenJDK 64-Bit Server VM (17.0.7+7, mixed mode, sharing, tiered, compressed oops, compressed class ptrs, g1 gc, windows-amd64)
# No core dump will be written. Minidumps are not enabled by default on client versions of Windows
#

---------------  S U M M A R Y ------------

Command Line: -Xmx1024M -Xss1m C:\Users\LENOVO\AppData\Local\Android\Sdk\build-tools\35.0.0-rc3\lib\apksigner.jar verify --print-certs C:\Users\LENOVO\AppData\Roaming\npm\node_modules\appium\node_modules\appium-uiautomator2-server\apks\appium-uiautomator2-server-v4.15.0.apk

Host: AMD Ryzen 3 7320U with Radeon Graphics         , 8 cores, 5G,  Windows 11 , 64 bit Build 22621 (10.0.22621.3374)
Time: Thu May  9 01:40:44 2024 SE Asia Standard Time elapsed time: 0.020344 seconds (0d 0h 0m 0s)

---------------  T H R E A D  ---------------

Current thread (0x000002357c60ea50):  JavaThread "Unknown thread" [_thread_in_vm, id=2628, stack(0x0000008cb9d00000,0x0000008cb9e00000)]

Stack: [0x0000008cb9d00000,0x0000008cb9e00000]
Native frames: (J=compiled Java code, j=interpreted, Vv=VM code, C=native code)
V  [jvm.dll+0x67754a]
V  [jvm.dll+0x834304]
V  [jvm.dll+0x835aae]
V  [jvm.dll+0x836113]
V  [jvm.dll+0x24696f]
V  [jvm.dll+0x6743f9]
V  [jvm.dll+0x668c8a]
V  [jvm.dll+0x3061bb]
V  [jvm.dll+0x30d6a6]
V  [jvm.dll+0x35cece]
V  [jvm.dll+0x35d0ff]
V  [jvm.dll+0x2dd048]
V  [jvm.dll+0x2ddfb4]
V  [jvm.dll+0x8066d1]
V  [jvm.dll+0x36ac91]
V  [jvm.dll+0x7e5cec]
V  [jvm.dll+0x3ed56f]
V  [jvm.dll+0x3ef0a1]
C  [jli.dll+0x528b]
C  [ucrtbase.dll+0x29333]
C  [KERNEL32.DLL+0x1257d]
C  [ntdll.dll+0x5aa48]


---------------  P R O C E S S  ---------------

Threads class SMR info:
_java_thread_list=0x00007fff3f347018, length=0, elements={
}

Java Threads: ( => current thread )

Other Threads:
  0x000002357c64a500 GCTaskThread "GC Thread#0" [stack: 0x0000008cb9e00000,0x0000008cb9f00000] [id=2412]
  0x000002357c653c50 ConcurrentGCThread "G1 Main Marker" [stack: 0x0000008cb9f00000,0x0000008cba000000] [id=18336]
  0x000002357c654660 ConcurrentGCThread "G1 Conc#0" [stack: 0x0000008cba000000,0x0000008cba100000] [id=15844]

[error occurred during error reporting (printing all threads), id 0xc0000005, EXCEPTION_ACCESS_VIOLATION (0xc0000005) at pc=0x00007fff3eb1daf7]

VM state: not at safepoint (not fully initialized)

VM Mutex/Monitor currently owned by a thread:  ([mutex/lock_event])
[0x000002357c60a0f0] Heap_lock - owner thread: 0x000002357c60ea50

Heap address: 0x00000000c0000000, size: 1024 MB, Compressed Oops mode: 32-bit

CDS archive(s) mapped at: [0x0000000000000000-0x0000000000000000-0x0000000000000000), size 0, SharedBaseAddress: 0x0000000800000000, ArchiveRelocationMode: 0.
Narrow klass base: 0x0000000000000000, Narrow klass shift: 0, Narrow klass range: 0x0

GC Precious Log:
<Empty>

Heap:
 garbage-first heap   total 0K, used 0K [0x00000000c0000000, 0x0000000100000000)
  region size 1024K, 0 young (0K), 0 survivors (0K)

[error occurred during error reporting (printing heap information), id 0xc0000005, EXCEPTION_ACCESS_VIOLATION (0xc0000005) at pc=0x00007fff3ef00db9]

GC Heap History (0 events):
No events

Dll operation events (1 events):
Event: 0.013 Loaded shared library C:\Users\LENOVO\.katalon\packages\Katalon_Studio_Free_Windows_64-9.4.0\Katalon_Studio_Free_Windows_64-9.4.0\jre\bin\java.dll

Deoptimization events (0 events):
No events

Classes unloaded (0 events):
No events

Classes redefined (0 events):
No events

Internal exceptions (0 events):
No events

VM Operations (0 events):
No events

Events (0 events):
No events


Dynamic libraries:
0x00007ff727c60000 - 0x00007ff727c6e000 	C:\Users\LENOVO\.katalon\packages\Katalon_Studio_Free_Windows_64-9.4.0\Katalon_Studio_Free_Windows_64-9.4.0\jre\bin\java.exe
0x00007fffd29b0000 - 0x00007fffd2bc6000 	C:\Windows\SYSTEM32\ntdll.dll
0x00007fffd08a0000 - 0x00007fffd0964000 	C:\Windows\System32\KERNEL32.DLL
0x00007fffd0300000 - 0x00007fffd06a7000 	C:\Windows\System32\KERNELBASE.dll
0x00007fffcc7d0000 - 0x00007fffcc867000 	C:\Windows\SYSTEM32\apphelp.dll
0x00007fffcfea0000 - 0x00007fffcffb1000 	C:\Windows\System32\ucrtbase.dll
0x00007fff9ecc0000 - 0x00007fff9ecd9000 	C:\Users\LENOVO\.katalon\packages\Katalon_Studio_Free_Windows_64-9.4.0\Katalon_Studio_Free_Windows_64-9.4.0\jre\bin\VCRUNTIME140.dll
0x00007fff9eca0000 - 0x00007fff9ecb7000 	C:\Users\LENOVO\.katalon\packages\Katalon_Studio_Free_Windows_64-9.4.0\Katalon_Studio_Free_Windows_64-9.4.0\jre\bin\jli.dll
0x00007fffd1d40000 - 0x00007fffd1eee000 	C:\Windows\System32\USER32.dll
0x00007fffbc1c0000 - 0x00007fffbc453000 	C:\Windows\WinSxS\amd64_microsoft.windows.common-controls_6595b64144ccf1df_6.0.22621.3235_none_270f74e173860f98\COMCTL32.dll
0x00007fffd06b0000 - 0x00007fffd06d6000 	C:\Windows\System32\win32u.dll
0x00007fffd1990000 - 0x00007fffd1a37000 	C:\Windows\System32\msvcrt.dll
0x00007fffd1ef0000 - 0x00007fffd1f19000 	C:\Windows\System32\GDI32.dll
0x00007fffcfcd0000 - 0x00007fffcfde9000 	C:\Windows\System32\gdi32full.dll
0x00007fffcffc0000 - 0x00007fffd005a000 	C:\Windows\System32\msvcp_win.dll
0x00007fffd0970000 - 0x00007fffd09a1000 	C:\Windows\System32\IMM32.DLL
0x00007fff9ebf0000 - 0x00007fff9ebfc000 	C:\Users\LENOVO\.katalon\packages\Katalon_Studio_Free_Windows_64-9.4.0\Katalon_Studio_Free_Windows_64-9.4.0\jre\bin\vcruntime140_1.dll
0x00007fff7e830000 - 0x00007fff7e8c1000 	C:\Users\LENOVO\.katalon\packages\Katalon_Studio_Free_Windows_64-9.4.0\Katalon_Studio_Free_Windows_64-9.4.0\jre\bin\msvcp140.dll
0x00007fff3e830000 - 0x00007fff3f478000 	C:\Users\LENOVO\.katalon\packages\Katalon_Studio_Free_Windows_64-9.4.0\Katalon_Studio_Free_Windows_64-9.4.0\jre\bin\server\jvm.dll
0x00007fffd0f60000 - 0x00007fffd1012000 	C:\Windows\System32\ADVAPI32.dll
0x00007fffd1080000 - 0x00007fffd1128000 	C:\Windows\System32\sechost.dll
0x00007fffcfe70000 - 0x00007fffcfe98000 	C:\Windows\System32\bcrypt.dll
0x00007fffd1ba0000 - 0x00007fffd1cb5000 	C:\Windows\System32\RPCRT4.dll
0x00007fffc8680000 - 0x00007fffc86b4000 	C:\Windows\SYSTEM32\WINMM.dll
0x00007fffc5e10000 - 0x00007fffc5e1a000 	C:\Windows\SYSTEM32\VERSION.dll
0x00007fffaf6c0000 - 0x00007fffaf6c9000 	C:\Windows\SYSTEM32\WSOCK32.dll
0x00007fffd28f0000 - 0x00007fffd2961000 	C:\Windows\System32\WS2_32.dll
0x00007fffced10000 - 0x00007fffced28000 	C:\Windows\SYSTEM32\kernel.appcore.dll
0x00007fffba300000 - 0x00007fffba30a000 	C:\Users\LENOVO\.katalon\packages\Katalon_Studio_Free_Windows_64-9.4.0\Katalon_Studio_Free_Windows_64-9.4.0\jre\bin\jimage.dll
0x00007fffcd670000 - 0x00007fffcd8a3000 	C:\Windows\SYSTEM32\DBGHELP.DLL
0x00007fffd2340000 - 0x00007fffd26c8000 	C:\Windows\System32\combase.dll
0x00007fffd1ac0000 - 0x00007fffd1b97000 	C:\Windows\System32\OLEAUT32.dll
0x00007fffb67c0000 - 0x00007fffb67f2000 	C:\Windows\SYSTEM32\dbgcore.DLL
0x00007fffcfdf0000 - 0x00007fffcfe69000 	C:\Windows\System32\bcryptPrimitives.dll
0x00007fffa77c0000 - 0x00007fffa77e5000 	C:\Users\LENOVO\.katalon\packages\Katalon_Studio_Free_Windows_64-9.4.0\Katalon_Studio_Free_Windows_64-9.4.0\jre\bin\java.dll

dbghelp: loaded successfully - version: 4.0.5 - missing functions: none
symbol engine: initialized successfully - sym options: 0x614 - pdb path: .;C:\Users\LENOVO\.katalon\packages\Katalon_Studio_Free_Windows_64-9.4.0\Katalon_Studio_Free_Windows_64-9.4.0\jre\bin;C:\Windows\SYSTEM32;C:\Windows\WinSxS\amd64_microsoft.windows.common-controls_6595b64144ccf1df_6.0.22621.3235_none_270f74e173860f98;C:\Users\LENOVO\.katalon\packages\Katalon_Studio_Free_Windows_64-9.4.0\Katalon_Studio_Free_Windows_64-9.4.0\jre\bin\server

VM Arguments:
jvm_args: -Xmx1024M -Xss1m 
java_command: C:\Users\LENOVO\AppData\Local\Android\Sdk\build-tools\35.0.0-rc3\lib\apksigner.jar verify --print-certs C:\Users\LENOVO\AppData\Roaming\npm\node_modules\appium\node_modules\appium-uiautomator2-server\apks\appium-uiautomator2-server-v4.15.0.apk
java_class_path (initial): C:\Users\LENOVO\AppData\Local\Android\Sdk\build-tools\35.0.0-rc3\lib\apksigner.jar
Launcher Type: SUN_STANDARD

[Global flags]
     intx CICompilerCount                          = 4                                         {product} {ergonomic}
     uint ConcGCThreads                            = 2                                         {product} {ergonomic}
     uint G1ConcRefinementThreads                  = 8                                         {product} {ergonomic}
   size_t G1HeapRegionSize                         = 1048576                                   {product} {ergonomic}
    uintx GCDrainStackTargetSize                   = 64                                        {product} {ergonomic}
   size_t InitialHeapSize                          = 96468992                                  {product} {ergonomic}
   size_t MarkStackSize                            = 4194304                                   {product} {ergonomic}
   size_t MaxHeapSize                              = 1073741824                                {product} {command line}
   size_t MinHeapDeltaBytes                        = 1048576                                   {product} {ergonomic}
   size_t MinHeapSize                              = 8388608                                   {product} {ergonomic}
    uintx NonNMethodCodeHeapSize                   = 5839372                                {pd product} {ergonomic}
    uintx NonProfiledCodeHeapSize                  = 122909434                              {pd product} {ergonomic}
    uintx ProfiledCodeHeapSize                     = 122909434                              {pd product} {ergonomic}
    uintx ReservedCodeCacheSize                    = 251658240                              {pd product} {ergonomic}
     bool SegmentedCodeCache                       = true                                      {product} {ergonomic}
   size_t SoftMaxHeapSize                          = 1073741824                             {manageable} {ergonomic}
     intx ThreadStackSize                          = 1024                                   {pd product} {command line}
     bool UseCompressedClassPointers               = true                           {product lp64_product} {ergonomic}
     bool UseCompressedOops                        = true                           {product lp64_product} {ergonomic}
     bool UseG1GC                                  = true                                      {product} {ergonomic}
     bool UseLargePagesIndividualAllocation        = false                                  {pd product} {ergonomic}

Logging:
Log output configuration:
 #0: stdout all=warning uptime,level,tags
 #1: stderr all=off uptime,level,tags

Environment Variables:
JAVA_HOME=C:\Users\LENOVO\.katalon\packages\Katalon_Studio_Free_Windows_64-9.4.0\Katalon_Studio_Free_Windows_64-9.4.0\jre
PATH=C:\Program Files\nodejs;
USERNAME=LENOVO
OS=Windows_NT
PROCESSOR_IDENTIFIER=AMD64 Family 23 Model 160 Stepping 0, AuthenticAMD
TMP=C:\Users\LENOVO\AppData\Local\Temp
TEMP=C:\Users\LENOVO\AppData\Local\Temp



---------------  S Y S T E M  ---------------

OS:
 Windows 11 , 64 bit Build 22621 (10.0.22621.3374)
OS uptime: 3 days 22:38 hours
Hyper-V role detected

CPU: total 8 (initial active 8) (8 cores per cpu, 2 threads per core) family 23 model 160 stepping 0 microcode 0x0, cx8, cmov, fxsr, ht, mmx, 3dnowpref, sse, sse2, sse3, ssse3, sse4a, sse4.1, sse4.2, popcnt, lzcnt, tsc, tscinvbit, avx, avx2, aes, clmul, bmi1, bmi2, adx, sha, fma, vzeroupper, clflush, clflushopt, hv

Memory: 4k page, system-wide physical 5877M (363M free)
TotalPageFile size 24309M (AvailPageFile size 21M)
current process WorkingSet (physical memory assigned to process): 11M, peak: 11M
current process commit charge ("private bytes"): 60M, peak: 151M

vm_info: OpenJDK 64-Bit Server VM (17.0.7+7) for windows-amd64 JRE (17.0.7+7), built on Apr 18 2023 22:10:42 by "temurin" with MS VC++ 16.7 (VS2019)

END.
